2021-03-03T14:06:47+00:00 CRITICAL Uncaught ArgumentCountError: Too few arguments to function dokan_count_posts(), 1 passed in /var/www/html/Must-Have/wp-content/themes/Must-Have/woocommerce/content-single-product.php on line 108 and exactly 2 expected in /var/www/html/Must-Have/wp-content/plugins/dokan-lite/includes/functions.php:189
Stack trace:
#0 /var/www/html/Must-Have/wp-content/themes/Must-Have/woocommerce/content-single-product.php(108): dokan_count_posts()
#1 /var/www/html/Must-Have/wp-includes/template.php(732): require('/var/www/html/M...')
#2 /var/www/html/Must-Have/wp-content/plugins/woocommerce/includes/wc-core-functions.php(284): load_template()
#3 /var/www/html/Must-Have/wp-content/themes/Must-Have/woocommerce/single-product.php(37): wc_get_template_part()
#4 /var/www/html/Must-Have/wp-includes/template-loader.php(106): include('/var/www/html/M...')
#5 /var/www/html/Must-Have/wp-blog-header.php(19): require_once('/var/www/html/M...')
#6 /var/www/html/Must-Have/index.php(17): require('/var/www/html/M...')
#7 {main}
  thrown en /var/www/html/Must-Have/wp-content/plugins/dokan-lite/includes/functions.php en la línea 189

2021-03-03T14:15:57+00:00 CRITICAL Uncaught Error: Call to a member function get_results() on null in /var/www/html/Must-Have/wp-content/themes/Must-Have/woocommerce/content-single-product.php:109
Stack trace:
#0 /var/www/html/Must-Have/wp-includes/template.php(732): require()
#1 /var/www/html/Must-Have/wp-content/plugins/woocommerce/includes/wc-core-functions.php(284): load_template()
#2 /var/www/html/Must-Have/wp-content/themes/Must-Have/woocommerce/single-product.php(37): wc_get_template_part()
#3 /var/www/html/Must-Have/wp-includes/template-loader.php(106): include('/var/www/html/M...')
#4 /var/www/html/Must-Have/wp-blog-header.php(19): require_once('/var/www/html/M...')
#5 /var/www/html/Must-Have/index.php(17): require('/var/www/html/M...')
#6 {main}
  thrown en /var/www/html/Must-Have/wp-content/themes/Must-Have/woocommerce/content-single-product.php en la línea 109

2021-03-03T14:16:09+00:00 CRITICAL Uncaught Error: Call to a member function get_results() on null in /var/www/html/Must-Have/wp-content/themes/Must-Have/woocommerce/content-single-product.php:109
Stack trace:
#0 /var/www/html/Must-Have/wp-includes/template.php(732): require()
#1 /var/www/html/Must-Have/wp-content/plugins/woocommerce/includes/wc-core-functions.php(284): load_template()
#2 /var/www/html/Must-Have/wp-content/themes/Must-Have/woocommerce/single-product.php(37): wc_get_template_part()
#3 /var/www/html/Must-Have/wp-includes/template-loader.php(106): include('/var/www/html/M...')
#4 /var/www/html/Must-Have/wp-blog-header.php(19): require_once('/var/www/html/M...')
#5 /var/www/html/Must-Have/index.php(17): require('/var/www/html/M...')
#6 {main}
  thrown en /var/www/html/Must-Have/wp-content/themes/Must-Have/woocommerce/content-single-product.php en la línea 109

2021-03-03T14:41:38+00:00 CRITICAL Uncaught Error: Using $this when not in object context in /var/www/html/Must-Have/wp-content/themes/Must-Have/woocommerce/content-single-product.php:109
Stack trace:
#0 /var/www/html/Must-Have/wp-includes/template.php(732): require()
#1 /var/www/html/Must-Have/wp-content/plugins/woocommerce/includes/wc-core-functions.php(284): load_template()
#2 /var/www/html/Must-Have/wp-content/themes/Must-Have/woocommerce/single-product.php(37): wc_get_template_part()
#3 /var/www/html/Must-Have/wp-includes/template-loader.php(106): include('/var/www/html/M...')
#4 /var/www/html/Must-Have/wp-blog-header.php(19): require_once('/var/www/html/M...')
#5 /var/www/html/Must-Have/index.php(17): require('/var/www/html/M...')
#6 {main}
  thrown en /var/www/html/Must-Have/wp-content/themes/Must-Have/woocommerce/content-single-product.php en la línea 109

2021-03-03T14:41:47+00:00 CRITICAL Uncaught Error: Using $this when not in object context in /var/www/html/Must-Have/wp-content/themes/Must-Have/woocommerce/content-single-product.php:109
Stack trace:
#0 /var/www/html/Must-Have/wp-includes/template.php(732): require()
#1 /var/www/html/Must-Have/wp-content/plugins/woocommerce/includes/wc-core-functions.php(284): load_template()
#2 /var/www/html/Must-Have/wp-content/themes/Must-Have/woocommerce/single-product.php(37): wc_get_template_part()
#3 /var/www/html/Must-Have/wp-includes/template-loader.php(106): include('/var/www/html/M...')
#4 /var/www/html/Must-Have/wp-blog-header.php(19): require_once('/var/www/html/M...')
#5 /var/www/html/Must-Have/index.php(17): require('/var/www/html/M...')
#6 {main}
  thrown en /var/www/html/Must-Have/wp-content/themes/Must-Have/woocommerce/content-single-product.php en la línea 109

2021-03-03T14:42:01+00:00 CRITICAL Uncaught Error: Call to a member function get_followers() on string in /var/www/html/Must-Have/wp-content/themes/Must-Have/woocommerce/content-single-product.php:109
Stack trace:
#0 /var/www/html/Must-Have/wp-includes/template.php(732): require()
#1 /var/www/html/Must-Have/wp-content/plugins/woocommerce/includes/wc-core-functions.php(284): load_template()
#2 /var/www/html/Must-Have/wp-content/themes/Must-Have/woocommerce/single-product.php(37): wc_get_template_part()
#3 /var/www/html/Must-Have/wp-includes/template-loader.php(106): include('/var/www/html/M...')
#4 /var/www/html/Must-Have/wp-blog-header.php(19): require_once('/var/www/html/M...')
#5 /var/www/html/Must-Have/index.php(17): require('/var/www/html/M...')
#6 {main}
  thrown en /var/www/html/Must-Have/wp-content/themes/Must-Have/woocommerce/content-single-product.php en la línea 109

2021-03-03T14:42:17+00:00 CRITICAL Uncaught Error: Call to a member function get_followers() on string in /var/www/html/Must-Have/wp-content/themes/Must-Have/woocommerce/content-single-product.php:109
Stack trace:
#0 /var/www/html/Must-Have/wp-includes/template.php(732): require()
#1 /var/www/html/Must-Have/wp-content/plugins/woocommerce/includes/wc-core-functions.php(284): load_template()
#2 /var/www/html/Must-Have/wp-content/themes/Must-Have/woocommerce/single-product.php(37): wc_get_template_part()
#3 /var/www/html/Must-Have/wp-includes/template-loader.php(106): include('/var/www/html/M...')
#4 /var/www/html/Must-Have/wp-blog-header.php(19): require_once('/var/www/html/M...')
#5 /var/www/html/Must-Have/index.php(17): require('/var/www/html/M...')
#6 {main}
  thrown en /var/www/html/Must-Have/wp-content/themes/Must-Have/woocommerce/content-single-product.php en la línea 109

2021-03-03T14:42:47+00:00 CRITICAL Uncaught Error: Call to undefined function get_followers() in /var/www/html/Must-Have/wp-content/themes/Must-Have/woocommerce/content-single-product.php:109
Stack trace:
#0 /var/www/html/Must-Have/wp-includes/template.php(732): require()
#1 /var/www/html/Must-Have/wp-content/plugins/woocommerce/includes/wc-core-functions.php(284): load_template()
#2 /var/www/html/Must-Have/wp-content/themes/Must-Have/woocommerce/single-product.php(37): wc_get_template_part()
#3 /var/www/html/Must-Have/wp-includes/template-loader.php(106): include('/var/www/html/M...')
#4 /var/www/html/Must-Have/wp-blog-header.php(19): require_once('/var/www/html/M...')
#5 /var/www/html/Must-Have/index.php(17): require('/var/www/html/M...')
#6 {main}
  thrown en /var/www/html/Must-Have/wp-content/themes/Must-Have/woocommerce/content-single-product.php en la línea 109

2021-03-03T14:43:00+00:00 CRITICAL Uncaught Error: Call to undefined function get_followers() in /var/www/html/Must-Have/wp-content/themes/Must-Have/woocommerce/content-single-product.php:109
Stack trace:
#0 /var/www/html/Must-Have/wp-includes/template.php(732): require()
#1 /var/www/html/Must-Have/wp-content/plugins/woocommerce/includes/wc-core-functions.php(284): load_template()
#2 /var/www/html/Must-Have/wp-content/themes/Must-Have/woocommerce/single-product.php(37): wc_get_template_part()
#3 /var/www/html/Must-Have/wp-includes/template-loader.php(106): include('/var/www/html/M...')
#4 /var/www/html/Must-Have/wp-blog-header.php(19): require_once('/var/www/html/M...')
#5 /var/www/html/Must-Have/index.php(17): require('/var/www/html/M...')
#6 {main}
  thrown en /var/www/html/Must-Have/wp-content/themes/Must-Have/woocommerce/content-single-product.php en la línea 109

2021-03-03T14:43:10+00:00 CRITICAL Uncaught Error: Call to undefined function get_followers() in /var/www/html/Must-Have/wp-content/themes/Must-Have/woocommerce/content-single-product.php:112
Stack trace:
#0 /var/www/html/Must-Have/wp-includes/template.php(732): require()
#1 /var/www/html/Must-Have/wp-content/plugins/woocommerce/includes/wc-core-functions.php(284): load_template()
#2 /var/www/html/Must-Have/wp-content/themes/Must-Have/woocommerce/single-product.php(37): wc_get_template_part()
#3 /var/www/html/Must-Have/wp-includes/template-loader.php(106): include('/var/www/html/M...')
#4 /var/www/html/Must-Have/wp-blog-header.php(19): require_once('/var/www/html/M...')
#5 /var/www/html/Must-Have/index.php(17): require('/var/www/html/M...')
#6 {main}
  thrown en /var/www/html/Must-Have/wp-content/themes/Must-Have/woocommerce/content-single-product.php en la línea 112

2021-03-03T14:43:38+00:00 CRITICAL Uncaught Error: Call to undefined function get_followers() in /var/www/html/Must-Have/wp-content/themes/Must-Have/woocommerce/content-single-product.php:112
Stack trace:
#0 /var/www/html/Must-Have/wp-includes/template.php(732): require()
#1 /var/www/html/Must-Have/wp-content/plugins/woocommerce/includes/wc-core-functions.php(284): load_template()
#2 /var/www/html/Must-Have/wp-content/themes/Must-Have/woocommerce/single-product.php(37): wc_get_template_part()
#3 /var/www/html/Must-Have/wp-includes/template-loader.php(106): include('/var/www/html/M...')
#4 /var/www/html/Must-Have/wp-blog-header.php(19): require_once('/var/www/html/M...')
#5 /var/www/html/Must-Have/index.php(17): require('/var/www/html/M...')
#6 {main}
  thrown en /var/www/html/Must-Have/wp-content/themes/Must-Have/woocommerce/content-single-product.php en la línea 112

2021-03-03T14:43:48+00:00 CRITICAL Uncaught Error: Call to undefined function get_followers() in /var/www/html/Must-Have/wp-content/themes/Must-Have/woocommerce/content-single-product.php:112
Stack trace:
#0 /var/www/html/Must-Have/wp-includes/template.php(732): require()
#1 /var/www/html/Must-Have/wp-content/plugins/woocommerce/includes/wc-core-functions.php(284): load_template()
#2 /var/www/html/Must-Have/wp-content/themes/Must-Have/woocommerce/single-product.php(37): wc_get_template_part()
#3 /var/www/html/Must-Have/wp-includes/template-loader.php(106): include('/var/www/html/M...')
#4 /var/www/html/Must-Have/wp-blog-header.php(19): require_once('/var/www/html/M...')
#5 /var/www/html/Must-Have/index.php(17): require('/var/www/html/M...')
#6 {main}
  thrown en /var/www/html/Must-Have/wp-content/themes/Must-Have/woocommerce/content-single-product.php en la línea 112

2021-03-03T14:44:44+00:00 CRITICAL Uncaught Error: Call to undefined function dokan_get_followers() in /var/www/html/Must-Have/wp-content/themes/Must-Have/woocommerce/content-single-product.php:112
Stack trace:
#0 /var/www/html/Must-Have/wp-includes/template.php(732): require()
#1 /var/www/html/Must-Have/wp-content/plugins/woocommerce/includes/wc-core-functions.php(284): load_template()
#2 /var/www/html/Must-Have/wp-content/themes/Must-Have/woocommerce/single-product.php(37): wc_get_template_part()
#3 /var/www/html/Must-Have/wp-includes/template-loader.php(106): include('/var/www/html/M...')
#4 /var/www/html/Must-Have/wp-blog-header.php(19): require_once('/var/www/html/M...')
#5 /var/www/html/Must-Have/index.php(17): require('/var/www/html/M...')
#6 {main}
  thrown en /var/www/html/Must-Have/wp-content/themes/Must-Have/woocommerce/content-single-product.php en la línea 112

2021-03-03T14:46:28+00:00 CRITICAL Uncaught Error: Call to undefined function dokan_count_followers() in /var/www/html/Must-Have/wp-content/themes/Must-Have/woocommerce/content-single-product.php:112
Stack trace:
#0 /var/www/html/Must-Have/wp-includes/template.php(732): require()
#1 /var/www/html/Must-Have/wp-content/plugins/woocommerce/includes/wc-core-functions.php(284): load_template()
#2 /var/www/html/Must-Have/wp-content/themes/Must-Have/woocommerce/single-product.php(37): wc_get_template_part()
#3 /var/www/html/Must-Have/wp-includes/template-loader.php(106): include('/var/www/html/M...')
#4 /var/www/html/Must-Have/wp-blog-header.php(19): require_once('/var/www/html/M...')
#5 /var/www/html/Must-Have/index.php(17): require('/var/www/html/M...')
#6 {main}
  thrown en /var/www/html/Must-Have/wp-content/themes/Must-Have/woocommerce/content-single-product.php en la línea 112

2021-03-03T15:06:44+00:00 CRITICAL Uncaught Error: Call to undefined method wpdb::get_count() in /var/www/html/Must-Have/wp-content/themes/Must-Have/woocommerce/content-single-product.php:109
Stack trace:
#0 /var/www/html/Must-Have/wp-includes/template.php(732): require()
#1 /var/www/html/Must-Have/wp-content/plugins/woocommerce/includes/wc-core-functions.php(284): load_template()
#2 /var/www/html/Must-Have/wp-content/themes/Must-Have/woocommerce/single-product.php(37): wc_get_template_part()
#3 /var/www/html/Must-Have/wp-includes/template-loader.php(106): include('/var/www/html/M...')
#4 /var/www/html/Must-Have/wp-blog-header.php(19): require_once('/var/www/html/M...')
#5 /var/www/html/Must-Have/index.php(17): require('/var/www/html/M...')
#6 {main}
  thrown en /var/www/html/Must-Have/wp-content/themes/Must-Have/woocommerce/content-single-product.php en la línea 109

2021-03-03T15:31:11+00:00 CRITICAL Uncaught Error: Using $this when not in object context in /var/www/html/Must-Have/wp-content/themes/Must-Have/woocommerce/content-single-product.php:123
Stack trace:
#0 /var/www/html/Must-Have/wp-includes/template.php(732): require()
#1 /var/www/html/Must-Have/wp-content/plugins/woocommerce/includes/wc-core-functions.php(284): load_template()
#2 /var/www/html/Must-Have/wp-content/themes/Must-Have/woocommerce/single-product.php(37): wc_get_template_part()
#3 /var/www/html/Must-Have/wp-includes/template-loader.php(106): include('/var/www/html/M...')
#4 /var/www/html/Must-Have/wp-blog-header.php(19): require_once('/var/www/html/M...')
#5 /var/www/html/Must-Have/index.php(17): require('/var/www/html/M...')
#6 {main}
  thrown en /var/www/html/Must-Have/wp-content/themes/Must-Have/woocommerce/content-single-product.php en la línea 123

2021-03-03T15:31:25+00:00 CRITICAL Uncaught Error: Call to a member function render_review_list() on string in /var/www/html/Must-Have/wp-content/themes/Must-Have/woocommerce/content-single-product.php:123
Stack trace:
#0 /var/www/html/Must-Have/wp-includes/template.php(732): require()
#1 /var/www/html/Must-Have/wp-content/plugins/woocommerce/includes/wc-core-functions.php(284): load_template()
#2 /var/www/html/Must-Have/wp-content/themes/Must-Have/woocommerce/single-product.php(37): wc_get_template_part()
#3 /var/www/html/Must-Have/wp-includes/template-loader.php(106): include('/var/www/html/M...')
#4 /var/www/html/Must-Have/wp-blog-header.php(19): require_once('/var/www/html/M...')
#5 /var/www/html/Must-Have/index.php(17): require('/var/www/html/M...')
#6 {main}
  thrown en /var/www/html/Must-Have/wp-content/themes/Must-Have/woocommerce/content-single-product.php en la línea 123

2021-03-03T15:33:05+00:00 CRITICAL Uncaught Error: Call to a member function render_store_tab_comment_list() on null in /var/www/html/Must-Have/wp-content/themes/Must-Have/woocommerce/content-single-product.php:122
Stack trace:
#0 /var/www/html/Must-Have/wp-includes/template.php(732): require()
#1 /var/www/html/Must-Have/wp-content/plugins/woocommerce/includes/wc-core-functions.php(284): load_template()
#2 /var/www/html/Must-Have/wp-content/themes/Must-Have/woocommerce/single-product.php(37): wc_get_template_part()
#3 /var/www/html/Must-Have/wp-includes/template-loader.php(106): include('/var/www/html/M...')
#4 /var/www/html/Must-Have/wp-blog-header.php(19): require_once('/var/www/html/M...')
#5 /var/www/html/Must-Have/index.php(17): require('/var/www/html/M...')
#6 {main}
  thrown en /var/www/html/Must-Have/wp-content/themes/Must-Have/woocommerce/content-single-product.php en la línea 122

2021-03-03T15:34:16+00:00 CRITICAL Uncaught Error: Call to a member function comment_query() on null in /var/www/html/Must-Have/wp-content/themes/Must-Have/woocommerce/content-single-product.php:119
Stack trace:
#0 /var/www/html/Must-Have/wp-includes/template.php(732): require()
#1 /var/www/html/Must-Have/wp-content/plugins/woocommerce/includes/wc-core-functions.php(284): load_template()
#2 /var/www/html/Must-Have/wp-content/themes/Must-Have/woocommerce/single-product.php(37): wc_get_template_part()
#3 /var/www/html/Must-Have/wp-includes/template-loader.php(106): include('/var/www/html/M...')
#4 /var/www/html/Must-Have/wp-blog-header.php(19): require_once('/var/www/html/M...')
#5 /var/www/html/Must-Have/index.php(17): require('/var/www/html/M...')
#6 {main}
  thrown en /var/www/html/Must-Have/wp-content/themes/Must-Have/woocommerce/content-single-product.php en la línea 119

2021-03-03T15:34:42+00:00 CRITICAL Uncaught Error: Call to a member function comment_query() on null in /var/www/html/Must-Have/wp-content/themes/Must-Have/woocommerce/content-single-product.php:119
Stack trace:
#0 /var/www/html/Must-Have/wp-includes/template.php(732): require()
#1 /var/www/html/Must-Have/wp-content/plugins/woocommerce/includes/wc-core-functions.php(284): load_template()
#2 /var/www/html/Must-Have/wp-content/themes/Must-Have/woocommerce/single-product.php(37): wc_get_template_part()
#3 /var/www/html/Must-Have/wp-includes/template-loader.php(106): include('/var/www/html/M...')
#4 /var/www/html/Must-Have/wp-blog-header.php(19): require_once('/var/www/html/M...')
#5 /var/www/html/Must-Have/index.php(17): require('/var/www/html/M...')
#6 {main}
  thrown en /var/www/html/Must-Have/wp-content/themes/Must-Have/woocommerce/content-single-product.php en la línea 119

2021-03-03T15:35:14+00:00 CRITICAL Uncaught Error: Call to a member function comment_query() on null in /var/www/html/Must-Have/wp-content/themes/Must-Have/woocommerce/content-single-product.php:119
Stack trace:
#0 /var/www/html/Must-Have/wp-includes/template.php(732): require()
#1 /var/www/html/Must-Have/wp-content/plugins/woocommerce/includes/wc-core-functions.php(284): load_template()
#2 /var/www/html/Must-Have/wp-content/themes/Must-Have/woocommerce/single-product.php(37): wc_get_template_part()
#3 /var/www/html/Must-Have/wp-includes/template-loader.php(106): include('/var/www/html/M...')
#4 /var/www/html/Must-Have/wp-blog-header.php(19): require_once('/var/www/html/M...')
#5 /var/www/html/Must-Have/index.php(17): require('/var/www/html/M...')
#6 {main}
  thrown en /var/www/html/Must-Have/wp-content/themes/Must-Have/woocommerce/content-single-product.php en la línea 119

2021-03-03T15:35:18+00:00 CRITICAL Uncaught Error: Call to a member function comment_query() on null in /var/www/html/Must-Have/wp-content/themes/Must-Have/woocommerce/content-single-product.php:119
Stack trace:
#0 /var/www/html/Must-Have/wp-includes/template.php(732): require()
#1 /var/www/html/Must-Have/wp-content/plugins/woocommerce/includes/wc-core-functions.php(284): load_template()
#2 /var/www/html/Must-Have/wp-content/themes/Must-Have/woocommerce/single-product.php(37): wc_get_template_part()
#3 /var/www/html/Must-Have/wp-includes/template-loader.php(106): include('/var/www/html/M...')
#4 /var/www/html/Must-Have/wp-blog-header.php(19): require_once('/var/www/html/M...')
#5 /var/www/html/Must-Have/index.php(17): require('/var/www/html/M...')
#6 {main}
  thrown en /var/www/html/Must-Have/wp-content/themes/Must-Have/woocommerce/content-single-product.php en la línea 119

2021-03-03T15:35:39+00:00 CRITICAL Uncaught Error: Call to a member function comment_query() on null in /var/www/html/Must-Have/wp-content/themes/Must-Have/woocommerce/content-single-product.php:119
Stack trace:
#0 /var/www/html/Must-Have/wp-includes/template.php(732): require()
#1 /var/www/html/Must-Have/wp-content/plugins/woocommerce/includes/wc-core-functions.php(284): load_template()
#2 /var/www/html/Must-Have/wp-content/themes/Must-Have/woocommerce/single-product.php(37): wc_get_template_part()
#3 /var/www/html/Must-Have/wp-includes/template-loader.php(106): include('/var/www/html/M...')
#4 /var/www/html/Must-Have/wp-blog-header.php(19): require_once('/var/www/html/M...')
#5 /var/www/html/Must-Have/index.php(17): require('/var/www/html/M...')
#6 {main}
  thrown en /var/www/html/Must-Have/wp-content/themes/Must-Have/woocommerce/content-single-product.php en la línea 119

2021-03-03T15:35:52+00:00 CRITICAL Uncaught Error: Call to a member function comment_query() on null in /var/www/html/Must-Have/wp-content/themes/Must-Have/woocommerce/content-single-product.php:119
Stack trace:
#0 /var/www/html/Must-Have/wp-includes/template.php(732): require()
#1 /var/www/html/Must-Have/wp-content/plugins/woocommerce/includes/wc-core-functions.php(284): load_template()
#2 /var/www/html/Must-Have/wp-content/themes/Must-Have/woocommerce/single-product.php(37): wc_get_template_part()
#3 /var/www/html/Must-Have/wp-includes/template-loader.php(106): include('/var/www/html/M...')
#4 /var/www/html/Must-Have/wp-blog-header.php(19): require_once('/var/www/html/M...')
#5 /var/www/html/Must-Have/index.php(17): require('/var/www/html/M...')
#6 {main}
  thrown en /var/www/html/Must-Have/wp-content/themes/Must-Have/woocommerce/content-single-product.php en la línea 119

2021-03-03T15:45:30+00:00 CRITICAL Uncaught Error: Object of class WP_User could not be converted to string in /var/www/html/Must-Have/wp-includes/class-wp-query.php:2235
Stack trace:
#0 /var/www/html/Must-Have/wp-includes/class-wp-query.php(2235): array_unique()
#1 /var/www/html/Must-Have/wp-includes/class-wp-query.php(3448): WP_Query->get_posts()
#2 /var/www/html/Must-Have/wp-includes/class-wp-query.php(3559): WP_Query->query()
#3 /var/www/html/Must-Have/wp-content/plugins/dokan-pro/modules/store-reviews/module.php(200): WP_Query->__construct()
#4 /var/www/html/Must-Have/wp-includes/class-wp-hook.php(287): WeDevs\DokanPro\Modules\StoreReviews\Module->replace_ratings_list()
#5 /var/www/html/Must-Have/wp-includes/plugin.php(206): WP_Hook->apply_filters()
#6 /var/www/html/Must-Have/wp-content/plugins/dokan-pro/includes/Review.php(702): apply_filters()
#7 /var/www/html/Must-Have/wp-content/themes/Must-Have/woocommerce/content-single-product.php(135): WeDevs\DokanPro\Review->render_store_tab_comment_list()
#8 /var/www/html/Must-Have/wp-includes/t en /var/www/html/Must-Have/wp-includes/class-wp-query.php en la línea 2235

2021-03-03T15:46:30+00:00 CRITICAL Uncaught Error: Object of class WP_User could not be converted to string in /var/www/html/Must-Have/wp-includes/class-wp-query.php:2235
Stack trace:
#0 /var/www/html/Must-Have/wp-includes/class-wp-query.php(2235): array_unique()
#1 /var/www/html/Must-Have/wp-includes/class-wp-query.php(3448): WP_Query->get_posts()
#2 /var/www/html/Must-Have/wp-includes/class-wp-query.php(3559): WP_Query->query()
#3 /var/www/html/Must-Have/wp-content/plugins/dokan-pro/modules/store-reviews/module.php(200): WP_Query->__construct()
#4 /var/www/html/Must-Have/wp-includes/class-wp-hook.php(287): WeDevs\DokanPro\Modules\StoreReviews\Module->replace_ratings_list()
#5 /var/www/html/Must-Have/wp-includes/plugin.php(206): WP_Hook->apply_filters()
#6 /var/www/html/Must-Have/wp-content/plugins/dokan-pro/includes/Review.php(702): apply_filters()
#7 /var/www/html/Must-Have/wp-content/themes/Must-Have/woocommerce/content-single-product.php(133): WeDevs\DokanPro\Review->render_store_tab_comment_list()
#8 /var/www/html/Must-Have/wp-includes/t en /var/www/html/Must-Have/wp-includes/class-wp-query.php en la línea 2235

2021-03-03T15:46:56+00:00 CRITICAL Uncaught Error: Object of class WP_User could not be converted to string in /var/www/html/Must-Have/wp-includes/class-wp-query.php:2235
Stack trace:
#0 /var/www/html/Must-Have/wp-includes/class-wp-query.php(2235): array_unique()
#1 /var/www/html/Must-Have/wp-includes/class-wp-query.php(3448): WP_Query->get_posts()
#2 /var/www/html/Must-Have/wp-includes/class-wp-query.php(3559): WP_Query->query()
#3 /var/www/html/Must-Have/wp-content/plugins/dokan-pro/modules/store-reviews/module.php(200): WP_Query->__construct()
#4 /var/www/html/Must-Have/wp-includes/class-wp-hook.php(287): WeDevs\DokanPro\Modules\StoreReviews\Module->replace_ratings_list()
#5 /var/www/html/Must-Have/wp-includes/plugin.php(206): WP_Hook->apply_filters()
#6 /var/www/html/Must-Have/wp-content/plugins/dokan-pro/includes/Review.php(702): apply_filters()
#7 /var/www/html/Must-Have/wp-content/themes/Must-Have/woocommerce/content-single-product.php(133): WeDevs\DokanPro\Review->render_store_tab_comment_list()
#8 /var/www/html/Must-Have/wp-includes/t en /var/www/html/Must-Have/wp-includes/class-wp-query.php en la línea 2235

2021-03-03T15:49:32+00:00 CRITICAL Uncaught ArgumentCountError: Too few arguments to function WeDevs\DokanPro\Review::render_store_tab_comment_list(), 1 passed in /var/www/html/Must-Have/wp-content/themes/Must-Have/woocommerce/content-single-product.php on line 133 and exactly 2 expected in /var/www/html/Must-Have/wp-content/plugins/dokan-pro/includes/Review.php:650
Stack trace:
#0 /var/www/html/Must-Have/wp-content/themes/Must-Have/woocommerce/content-single-product.php(133): WeDevs\DokanPro\Review->render_store_tab_comment_list()
#1 /var/www/html/Must-Have/wp-includes/template.php(732): require('/var/www/html/M...')
#2 /var/www/html/Must-Have/wp-content/plugins/woocommerce/includes/wc-core-functions.php(284): load_template()
#3 /var/www/html/Must-Have/wp-content/themes/Must-Have/woocommerce/single-product.php(37): wc_get_template_part()
#4 /var/www/html/Must-Have/wp-includes/template-loader.php(106): include('/var/www/html/M...')
#5 /var/www/html/Must-Have/wp-blog-header.php(19): require_once('/var/www/html/M...')
#6 /var/www/html/Must-Have/ en /var/www/html/Must-Have/wp-content/plugins/dokan-pro/includes/Review.php en la línea 650

2021-03-03T15:50:08+00:00 CRITICAL Uncaught Error: Function name must be a string in /var/www/html/Must-Have/wp-content/themes/Must-Have/woocommerce/content-single-product.php:133
Stack trace:
#0 /var/www/html/Must-Have/wp-includes/template.php(732): require()
#1 /var/www/html/Must-Have/wp-content/plugins/woocommerce/includes/wc-core-functions.php(284): load_template()
#2 /var/www/html/Must-Have/wp-content/themes/Must-Have/woocommerce/single-product.php(37): wc_get_template_part()
#3 /var/www/html/Must-Have/wp-includes/template-loader.php(106): include('/var/www/html/M...')
#4 /var/www/html/Must-Have/wp-blog-header.php(19): require_once('/var/www/html/M...')
#5 /var/www/html/Must-Have/index.php(17): require('/var/www/html/M...')
#6 {main}
  thrown en /var/www/html/Must-Have/wp-content/themes/Must-Have/woocommerce/content-single-product.php en la línea 133

2021-03-03T15:50:33+00:00 CRITICAL Uncaught Error: Function name must be a string in /var/www/html/Must-Have/wp-content/themes/Must-Have/woocommerce/content-single-product.php:135
Stack trace:
#0 /var/www/html/Must-Have/wp-includes/template.php(732): require()
#1 /var/www/html/Must-Have/wp-content/plugins/woocommerce/includes/wc-core-functions.php(284): load_template()
#2 /var/www/html/Must-Have/wp-content/themes/Must-Have/woocommerce/single-product.php(37): wc_get_template_part()
#3 /var/www/html/Must-Have/wp-includes/template-loader.php(106): include('/var/www/html/M...')
#4 /var/www/html/Must-Have/wp-blog-header.php(19): require_once('/var/www/html/M...')
#5 /var/www/html/Must-Have/index.php(17): require('/var/www/html/M...')
#6 {main}
  thrown en /var/www/html/Must-Have/wp-content/themes/Must-Have/woocommerce/content-single-product.php en la línea 135

2021-03-03T15:50:47+00:00 CRITICAL Uncaught Error: Function name must be a string in /var/www/html/Must-Have/wp-content/themes/Must-Have/woocommerce/content-single-product.php:135
Stack trace:
#0 /var/www/html/Must-Have/wp-includes/template.php(732): require()
#1 /var/www/html/Must-Have/wp-content/plugins/woocommerce/includes/wc-core-functions.php(284): load_template()
#2 /var/www/html/Must-Have/wp-content/themes/Must-Have/woocommerce/single-product.php(37): wc_get_template_part()
#3 /var/www/html/Must-Have/wp-includes/template-loader.php(106): include('/var/www/html/M...')
#4 /var/www/html/Must-Have/wp-blog-header.php(19): require_once('/var/www/html/M...')
#5 /var/www/html/Must-Have/index.php(17): require('/var/www/html/M...')
#6 {main}
  thrown en /var/www/html/Must-Have/wp-content/themes/Must-Have/woocommerce/content-single-product.php en la línea 135

2021-03-03T15:51:25+00:00 CRITICAL Uncaught Error: Function name must be a string in /var/www/html/Must-Have/wp-content/themes/Must-Have/woocommerce/content-single-product.php:135
Stack trace:
#0 /var/www/html/Must-Have/wp-includes/template.php(732): require()
#1 /var/www/html/Must-Have/wp-content/plugins/woocommerce/includes/wc-core-functions.php(284): load_template()
#2 /var/www/html/Must-Have/wp-content/themes/Must-Have/woocommerce/single-product.php(37): wc_get_template_part()
#3 /var/www/html/Must-Have/wp-includes/template-loader.php(106): include('/var/www/html/M...')
#4 /var/www/html/Must-Have/wp-blog-header.php(19): require_once('/var/www/html/M...')
#5 /var/www/html/Must-Have/index.php(17): require('/var/www/html/M...')
#6 {main}
  thrown en /var/www/html/Must-Have/wp-content/themes/Must-Have/woocommerce/content-single-product.php en la línea 135

2021-03-03T15:51:44+00:00 CRITICAL Uncaught ArgumentCountError: Too few arguments to function WeDevs\DokanPro\Review::render_store_tab_comment_list(), 0 passed in /var/www/html/Must-Have/wp-content/themes/Must-Have/woocommerce/content-single-product.php on line 126 and exactly 2 expected in /var/www/html/Must-Have/wp-content/plugins/dokan-pro/includes/Review.php:650
Stack trace:
#0 /var/www/html/Must-Have/wp-content/themes/Must-Have/woocommerce/content-single-product.php(126): WeDevs\DokanPro\Review->render_store_tab_comment_list()
#1 /var/www/html/Must-Have/wp-includes/template.php(732): require('/var/www/html/M...')
#2 /var/www/html/Must-Have/wp-content/plugins/woocommerce/includes/wc-core-functions.php(284): load_template()
#3 /var/www/html/Must-Have/wp-content/themes/Must-Have/woocommerce/single-product.php(37): wc_get_template_part()
#4 /var/www/html/Must-Have/wp-includes/template-loader.php(106): include('/var/www/html/M...')
#5 /var/www/html/Must-Have/wp-blog-header.php(19): require_once('/var/www/html/M...')
#6 /var/www/html/Must-Have/ en /var/www/html/Must-Have/wp-content/plugins/dokan-pro/includes/Review.php en la línea 650

2021-03-03T15:51:59+00:00 CRITICAL Uncaught ArgumentCountError: Too few arguments to function WeDevs\DokanPro\Review::render_store_tab_comment_list(), 1 passed in /var/www/html/Must-Have/wp-content/themes/Must-Have/woocommerce/content-single-product.php on line 126 and exactly 2 expected in /var/www/html/Must-Have/wp-content/plugins/dokan-pro/includes/Review.php:650
Stack trace:
#0 /var/www/html/Must-Have/wp-content/themes/Must-Have/woocommerce/content-single-product.php(126): WeDevs\DokanPro\Review->render_store_tab_comment_list()
#1 /var/www/html/Must-Have/wp-includes/template.php(732): require('/var/www/html/M...')
#2 /var/www/html/Must-Have/wp-content/plugins/woocommerce/includes/wc-core-functions.php(284): load_template()
#3 /var/www/html/Must-Have/wp-content/themes/Must-Have/woocommerce/single-product.php(37): wc_get_template_part()
#4 /var/www/html/Must-Have/wp-includes/template-loader.php(106): include('/var/www/html/M...')
#5 /var/www/html/Must-Have/wp-blog-header.php(19): require_once('/var/www/html/M...')
#6 /var/www/html/Must-Have/ en /var/www/html/Must-Have/wp-content/plugins/dokan-pro/includes/Review.php en la línea 650

2021-03-03T15:52:07+00:00 CRITICAL Uncaught ArgumentCountError: Too few arguments to function WeDevs\DokanPro\Review::render_store_tab_comment_list(), 1 passed in /var/www/html/Must-Have/wp-content/themes/Must-Have/woocommerce/content-single-product.php on line 126 and exactly 2 expected in /var/www/html/Must-Have/wp-content/plugins/dokan-pro/includes/Review.php:650
Stack trace:
#0 /var/www/html/Must-Have/wp-content/themes/Must-Have/woocommerce/content-single-product.php(126): WeDevs\DokanPro\Review->render_store_tab_comment_list()
#1 /var/www/html/Must-Have/wp-includes/template.php(732): require('/var/www/html/M...')
#2 /var/www/html/Must-Have/wp-content/plugins/woocommerce/includes/wc-core-functions.php(284): load_template()
#3 /var/www/html/Must-Have/wp-content/themes/Must-Have/woocommerce/single-product.php(37): wc_get_template_part()
#4 /var/www/html/Must-Have/wp-includes/template-loader.php(106): include('/var/www/html/M...')
#5 /var/www/html/Must-Have/wp-blog-header.php(19): require_once('/var/www/html/M...')
#6 /var/www/html/Must-Have/ en /var/www/html/Must-Have/wp-content/plugins/dokan-pro/includes/Review.php en la línea 650

2021-03-03T17:06:33+00:00 CRITICAL syntax error, unexpected 'endif' (T_ENDIF), expecting end of file en /var/www/html/Must-Have/wp-content/themes/Must-Have/woocommerce/content-single-product.php en la línea 276

2021-03-03T17:06:41+00:00 CRITICAL syntax error, unexpected 'endif' (T_ENDIF), expecting end of file en /var/www/html/Must-Have/wp-content/themes/Must-Have/woocommerce/content-single-product.php en la línea 276

2021-03-03T18:42:03+00:00 CRITICAL syntax error, unexpected 'var_dump' (T_STRING), expecting ';' en /var/www/html/Must-Have/wp-content/themes/Must-Have/woocommerce/content-single-product.php en la línea 291

2021-03-03T22:17:58+00:00 CRITICAL syntax error, unexpected 'endif' (T_ENDIF) en /var/www/html/Must-Have/wp-content/themes/Must-Have/woocommerce/content-single-product.php en la línea 204

2021-03-03T22:18:44+00:00 CRITICAL Cannot redeclare wp_get_unapproved_comment_author_email() (previously declared in /var/www/html/Must-Have/wp-includes/comment.php:1929) en /var/www/html/Must-Have/wp-content/themes/Must-Have/woocommerce/content-single-product.php en la línea 201

