2021-02-26T15:34:49+00:00 CRITICAL Uncaught Error: Call to undefined function termmeta_value_img() in /var/www/html/Must-Have/wp-content/themes/Must-Have/home.php:52
Stack trace:
#0 /var/www/html/Must-Have/wp-includes/template-loader.php(106): include()
#1 /var/www/html/Must-Have/wp-blog-header.php(19): require_once('/var/www/html/M...')
#2 /var/www/html/Must-Have/index.php(17): require('/var/www/html/M...')
#3 {main}
  thrown en /var/www/html/Must-Have/wp-content/themes/Must-Have/home.php en la línea 52

2021-02-26T16:32:59+00:00 CRITICAL Uncaught Error: Call to a member function get_price_html() on null in /var/www/html/Must-Have/wp-content/themes/Must-Have/home.php:119
Stack trace:
#0 /var/www/html/Must-Have/wp-includes/template-loader.php(106): include()
#1 /var/www/html/Must-Have/wp-blog-header.php(19): require_once('/var/www/html/M...')
#2 /var/www/html/Must-Have/index.php(17): require('/var/www/html/M...')
#3 {main}
  thrown en /var/www/html/Must-Have/wp-content/themes/Must-Have/home.php en la línea 119

2021-02-26T16:34:46+00:00 CRITICAL Uncaught Error: Call to a member function get_price_html() on null in /var/www/html/Must-Have/wp-content/themes/Must-Have/home.php:119
Stack trace:
#0 /var/www/html/Must-Have/wp-includes/template-loader.php(106): include()
#1 /var/www/html/Must-Have/wp-blog-header.php(19): require_once('/var/www/html/M...')
#2 /var/www/html/Must-Have/index.php(17): require('/var/www/html/M...')
#3 {main}
  thrown en /var/www/html/Must-Have/wp-content/themes/Must-Have/home.php en la línea 119

2021-02-26T16:35:13+00:00 CRITICAL Uncaught Error: Call to a member function get_price_html() on null in /var/www/html/Must-Have/wp-content/themes/Must-Have/home.php:119
Stack trace:
#0 /var/www/html/Must-Have/wp-includes/template-loader.php(106): include()
#1 /var/www/html/Must-Have/wp-blog-header.php(19): require_once('/var/www/html/M...')
#2 /var/www/html/Must-Have/index.php(17): require('/var/www/html/M...')
#3 {main}
  thrown en /var/www/html/Must-Have/wp-content/themes/Must-Have/home.php en la línea 119

2021-02-26T16:36:25+00:00 CRITICAL Uncaught Error: Call to a member function get_price_html() on null in /var/www/html/Must-Have/wp-content/themes/Must-Have/home.php:119
Stack trace:
#0 /var/www/html/Must-Have/wp-includes/template-loader.php(106): include()
#1 /var/www/html/Must-Have/wp-blog-header.php(19): require_once('/var/www/html/M...')
#2 /var/www/html/Must-Have/index.php(17): require('/var/www/html/M...')
#3 {main}
  thrown en /var/www/html/Must-Have/wp-content/themes/Must-Have/home.php en la línea 119

2021-02-26T16:37:10+00:00 CRITICAL Uncaught Error: Call to a member function get_price_html() on null in /var/www/html/Must-Have/wp-content/themes/Must-Have/home.php:103
Stack trace:
#0 /var/www/html/Must-Have/wp-includes/template-loader.php(106): include()
#1 /var/www/html/Must-Have/wp-blog-header.php(19): require_once('/var/www/html/M...')
#2 /var/www/html/Must-Have/index.php(17): require('/var/www/html/M...')
#3 {main}
  thrown en /var/www/html/Must-Have/wp-content/themes/Must-Have/home.php en la línea 103

2021-02-26T16:37:29+00:00 CRITICAL Uncaught Error: Call to a member function get_price_html() on null in /var/www/html/Must-Have/wp-content/themes/Must-Have/home.php:103
Stack trace:
#0 /var/www/html/Must-Have/wp-includes/template-loader.php(106): include()
#1 /var/www/html/Must-Have/wp-blog-header.php(19): require_once('/var/www/html/M...')
#2 /var/www/html/Must-Have/index.php(17): require('/var/www/html/M...')
#3 {main}
  thrown en /var/www/html/Must-Have/wp-content/themes/Must-Have/home.php en la línea 103

2021-02-26T16:37:52+00:00 CRITICAL Uncaught Error: Call to a member function get_price_html() on null in /var/www/html/Must-Have/wp-content/themes/Must-Have/home.php:119
Stack trace:
#0 /var/www/html/Must-Have/wp-includes/template-loader.php(106): include()
#1 /var/www/html/Must-Have/wp-blog-header.php(19): require_once('/var/www/html/M...')
#2 /var/www/html/Must-Have/index.php(17): require('/var/www/html/M...')
#3 {main}
  thrown en /var/www/html/Must-Have/wp-content/themes/Must-Have/home.php en la línea 119

2021-02-26T16:38:21+00:00 CRITICAL syntax error, unexpected '?>', expecting ')' en /var/www/html/Must-Have/wp-content/themes/Must-Have/home.php en la línea 102

2021-02-26T16:38:38+00:00 CRITICAL Uncaught Error: Call to a member function get_price_html() on null in /var/www/html/Must-Have/wp-content/themes/Must-Have/home.php:119
Stack trace:
#0 /var/www/html/Must-Have/wp-includes/template-loader.php(106): include()
#1 /var/www/html/Must-Have/wp-blog-header.php(19): require_once('/var/www/html/M...')
#2 /var/www/html/Must-Have/index.php(17): require('/var/www/html/M...')
#3 {main}
  thrown en /var/www/html/Must-Have/wp-content/themes/Must-Have/home.php en la línea 119

2021-02-26T16:39:13+00:00 CRITICAL Uncaught Error: Call to a member function get_price_html() on null in /var/www/html/Must-Have/wp-content/themes/Must-Have/home.php:119
Stack trace:
#0 /var/www/html/Must-Have/wp-includes/template-loader.php(106): include()
#1 /var/www/html/Must-Have/wp-blog-header.php(19): require_once('/var/www/html/M...')
#2 /var/www/html/Must-Have/index.php(17): require('/var/www/html/M...')
#3 {main}
  thrown en /var/www/html/Must-Have/wp-content/themes/Must-Have/home.php en la línea 119

2021-02-26T16:39:41+00:00 CRITICAL Uncaught Error: Call to a member function get_price_html() on null in /var/www/html/Must-Have/wp-content/themes/Must-Have/home.php:119
Stack trace:
#0 /var/www/html/Must-Have/wp-includes/template-loader.php(106): include()
#1 /var/www/html/Must-Have/wp-blog-header.php(19): require_once('/var/www/html/M...')
#2 /var/www/html/Must-Have/index.php(17): require('/var/www/html/M...')
#3 {main}
  thrown en /var/www/html/Must-Have/wp-content/themes/Must-Have/home.php en la línea 119

2021-02-26T16:39:53+00:00 CRITICAL Uncaught Error: Call to a member function get_price_html() on null in /var/www/html/Must-Have/wp-content/themes/Must-Have/home.php:119
Stack trace:
#0 /var/www/html/Must-Have/wp-includes/template-loader.php(106): include()
#1 /var/www/html/Must-Have/wp-blog-header.php(19): require_once('/var/www/html/M...')
#2 /var/www/html/Must-Have/index.php(17): require('/var/www/html/M...')
#3 {main}
  thrown en /var/www/html/Must-Have/wp-content/themes/Must-Have/home.php en la línea 119

2021-02-26T16:40:00+00:00 CRITICAL Uncaught Error: Call to a member function get_price_html() on null in /var/www/html/Must-Have/wp-content/themes/Must-Have/home.php:119
Stack trace:
#0 /var/www/html/Must-Have/wp-includes/template-loader.php(106): include()
#1 /var/www/html/Must-Have/wp-blog-header.php(19): require_once('/var/www/html/M...')
#2 /var/www/html/Must-Have/index.php(17): require('/var/www/html/M...')
#3 {main}
  thrown en /var/www/html/Must-Have/wp-content/themes/Must-Have/home.php en la línea 119

2021-02-26T16:40:17+00:00 CRITICAL Uncaught Error: Call to a member function get_price_html() on null in /var/www/html/Must-Have/wp-content/themes/Must-Have/home.php:119
Stack trace:
#0 /var/www/html/Must-Have/wp-includes/template-loader.php(106): include()
#1 /var/www/html/Must-Have/wp-blog-header.php(19): require_once('/var/www/html/M...')
#2 /var/www/html/Must-Have/index.php(17): require('/var/www/html/M...')
#3 {main}
  thrown en /var/www/html/Must-Have/wp-content/themes/Must-Have/home.php en la línea 119

2021-02-26T16:40:28+00:00 CRITICAL Uncaught Error: Call to a member function get_price_html() on null in /var/www/html/Must-Have/wp-content/themes/Must-Have/home.php:119
Stack trace:
#0 /var/www/html/Must-Have/wp-includes/template-loader.php(106): include()
#1 /var/www/html/Must-Have/wp-blog-header.php(19): require_once('/var/www/html/M...')
#2 /var/www/html/Must-Have/index.php(17): require('/var/www/html/M...')
#3 {main}
  thrown en /var/www/html/Must-Have/wp-content/themes/Must-Have/home.php en la línea 119

