2021-03-01T13:18:37+00:00 CRITICAL Uncaught Error: Call to a member function get_avatar() on null in /var/www/html/Must-Have/wp-content/themes/Must-Have/woocommerce/content-single-product.php:112
Stack trace:
#0 /var/www/html/Must-Have/wp-includes/template.php(732): require()
#1 /var/www/html/Must-Have/wp-content/plugins/woocommerce/includes/wc-core-functions.php(284): load_template()
#2 /var/www/html/Must-Have/wp-content/themes/Must-Have/woocommerce/single-product.php(37): wc_get_template_part()
#3 /var/www/html/Must-Have/wp-includes/template-loader.php(106): include('/var/www/html/M...')
#4 /var/www/html/Must-Have/wp-blog-header.php(19): require_once('/var/www/html/M...')
#5 /var/www/html/Must-Have/index.php(17): require('/var/www/html/M...')
#6 {main}
  thrown en /var/www/html/Must-Have/wp-content/themes/Must-Have/woocommerce/content-single-product.php en la línea 112

2021-03-01T13:19:04+00:00 CRITICAL Uncaught Error: Call to undefined method WP_Post::get_avatar() in /var/www/html/Must-Have/wp-content/themes/Must-Have/woocommerce/content-single-product.php:112
Stack trace:
#0 /var/www/html/Must-Have/wp-includes/template.php(732): require()
#1 /var/www/html/Must-Have/wp-content/plugins/woocommerce/includes/wc-core-functions.php(284): load_template()
#2 /var/www/html/Must-Have/wp-content/themes/Must-Have/woocommerce/single-product.php(37): wc_get_template_part()
#3 /var/www/html/Must-Have/wp-includes/template-loader.php(106): include('/var/www/html/M...')
#4 /var/www/html/Must-Have/wp-blog-header.php(19): require_once('/var/www/html/M...')
#5 /var/www/html/Must-Have/index.php(17): require('/var/www/html/M...')
#6 {main}
  thrown en /var/www/html/Must-Have/wp-content/themes/Must-Have/woocommerce/content-single-product.php en la línea 112

2021-03-01T13:22:34+00:00 CRITICAL syntax error, unexpected end of file en /var/www/html/Must-Have/wp-content/themes/Must-Have/woocommerce/content-single-product.php en la línea 347

2021-03-01T13:22:40+00:00 CRITICAL syntax error, unexpected end of file en /var/www/html/Must-Have/wp-content/themes/Must-Have/woocommerce/content-single-product.php en la línea 347

2021-03-01T13:36:54+00:00 CRITICAL syntax error, unexpected end of file, expecting elseif (T_ELSEIF) or else (T_ELSE) or endif (T_ENDIF) en /var/www/html/Must-Have/wp-content/themes/Must-Have/woocommerce/content-single-product.php en la línea 379

2021-03-01T13:45:45+00:00 CRITICAL syntax error, unexpected end of file, expecting elseif (T_ELSEIF) or else (T_ELSE) or endif (T_ENDIF) en /var/www/html/Must-Have/wp-content/themes/Must-Have/woocommerce/content-single-product.php en la línea 341

2021-03-01T14:07:58+00:00 CRITICAL syntax error, unexpected '}', expecting end of file en /var/www/html/Must-Have/wp-content/themes/Must-Have/woocommerce/content-single-product.php en la línea 117

2021-03-01T14:25:58+00:00 CRITICAL Uncaught Error: Call to a member function get_shop_name() on null in /var/www/html/Must-Have/wp-content/themes/Must-Have/woocommerce/content-single-product.php:86
Stack trace:
#0 /var/www/html/Must-Have/wp-includes/template.php(732): require()
#1 /var/www/html/Must-Have/wp-content/plugins/woocommerce/includes/wc-core-functions.php(284): load_template()
#2 /var/www/html/Must-Have/wp-content/themes/Must-Have/woocommerce/single-product.php(37): wc_get_template_part()
#3 /var/www/html/Must-Have/wp-includes/template-loader.php(106): include('/var/www/html/M...')
#4 /var/www/html/Must-Have/wp-blog-header.php(19): require_once('/var/www/html/M...')
#5 /var/www/html/Must-Have/index.php(17): require('/var/www/html/M...')
#6 {main}
  thrown en /var/www/html/Must-Have/wp-content/themes/Must-Have/woocommerce/content-single-product.php en la línea 86

2021-03-01T14:26:27+00:00 CRITICAL Uncaught Error: Call to a member function get_shop_name() on null in /var/www/html/Must-Have/wp-content/themes/Must-Have/woocommerce/content-single-product.php:86
Stack trace:
#0 /var/www/html/Must-Have/wp-includes/template.php(732): require()
#1 /var/www/html/Must-Have/wp-content/plugins/woocommerce/includes/wc-core-functions.php(284): load_template()
#2 /var/www/html/Must-Have/wp-content/themes/Must-Have/woocommerce/single-product.php(37): wc_get_template_part()
#3 /var/www/html/Must-Have/wp-includes/template-loader.php(106): include('/var/www/html/M...')
#4 /var/www/html/Must-Have/wp-blog-header.php(19): require_once('/var/www/html/M...')
#5 /var/www/html/Must-Have/index.php(17): require('/var/www/html/M...')
#6 {main}
  thrown en /var/www/html/Must-Have/wp-content/themes/Must-Have/woocommerce/content-single-product.php en la línea 86

2021-03-01T14:36:18+00:00 CRITICAL Uncaught Error: Call to a member function get() on null in /var/www/html/Must-Have/wp-content/themes/Must-Have/woocommerce/content-single-product.php:86
Stack trace:
#0 /var/www/html/Must-Have/wp-includes/template.php(732): require()
#1 /var/www/html/Must-Have/wp-content/plugins/woocommerce/includes/wc-core-functions.php(284): load_template()
#2 /var/www/html/Must-Have/wp-content/themes/Must-Have/woocommerce/single-product.php(37): wc_get_template_part()
#3 /var/www/html/Must-Have/wp-includes/template-loader.php(106): include('/var/www/html/M...')
#4 /var/www/html/Must-Have/wp-blog-header.php(19): require_once('/var/www/html/M...')
#5 /var/www/html/Must-Have/index.php(17): require('/var/www/html/M...')
#6 {main}
  thrown en /var/www/html/Must-Have/wp-content/themes/Must-Have/woocommerce/content-single-product.php en la línea 86

2021-03-01T15:23:10+00:00 CRITICAL syntax error, unexpected ';', expecting ')' en /var/www/html/Must-Have/wp-content/themes/Must-Have/woocommerce/content-single-product.php en la línea 96

2021-03-01T15:30:05+00:00 CRITICAL Uncaught Error: Call to undefined function get_review() in /var/www/html/Must-Have/wp-content/themes/Must-Have/woocommerce/content-single-product.php:99
Stack trace:
#0 /var/www/html/Must-Have/wp-includes/template.php(732): require()
#1 /var/www/html/Must-Have/wp-content/plugins/woocommerce/includes/wc-core-functions.php(284): load_template()
#2 /var/www/html/Must-Have/wp-content/themes/Must-Have/woocommerce/single-product.php(37): wc_get_template_part()
#3 /var/www/html/Must-Have/wp-includes/template-loader.php(106): include('/var/www/html/M...')
#4 /var/www/html/Must-Have/wp-blog-header.php(19): require_once('/var/www/html/M...')
#5 /var/www/html/Must-Have/index.php(17): require('/var/www/html/M...')
#6 {main}
  thrown en /var/www/html/Must-Have/wp-content/themes/Must-Have/woocommerce/content-single-product.php en la línea 99

2021-03-01T15:30:31+00:00 CRITICAL Uncaught Error: Call to undefined function get_reviews() in /var/www/html/Must-Have/wp-content/themes/Must-Have/woocommerce/content-single-product.php:99
Stack trace:
#0 /var/www/html/Must-Have/wp-includes/template.php(732): require()
#1 /var/www/html/Must-Have/wp-content/plugins/woocommerce/includes/wc-core-functions.php(284): load_template()
#2 /var/www/html/Must-Have/wp-content/themes/Must-Have/woocommerce/single-product.php(37): wc_get_template_part()
#3 /var/www/html/Must-Have/wp-includes/template-loader.php(106): include('/var/www/html/M...')
#4 /var/www/html/Must-Have/wp-blog-header.php(19): require_once('/var/www/html/M...')
#5 /var/www/html/Must-Have/index.php(17): require('/var/www/html/M...')
#6 {main}
  thrown en /var/www/html/Must-Have/wp-content/themes/Must-Have/woocommerce/content-single-product.php en la línea 99

2021-03-01T15:48:57+00:00 CRITICAL Uncaught Error: Call to undefined function dbermudezwecan@gmail.com() in /var/www/html/Must-Have/wp-content/themes/Must-Have/woocommerce/content-single-product.php:99
Stack trace:
#0 /var/www/html/Must-Have/wp-includes/template.php(732): require()
#1 /var/www/html/Must-Have/wp-content/plugins/woocommerce/includes/wc-core-functions.php(284): load_template()
#2 /var/www/html/Must-Have/wp-content/themes/Must-Have/woocommerce/single-product.php(37): wc_get_template_part()
#3 /var/www/html/Must-Have/wp-includes/template-loader.php(106): include('/var/www/html/M...')
#4 /var/www/html/Must-Have/wp-blog-header.php(19): require_once('/var/www/html/M...')
#5 /var/www/html/Must-Have/index.php(17): require('/var/www/html/M...')
#6 {main}
  thrown en /var/www/html/Must-Have/wp-content/themes/Must-Have/woocommerce/content-single-product.php en la línea 99

2021-03-01T15:53:21+00:00 CRITICAL syntax error, unexpected '<', expecting end of file en /var/www/html/Must-Have/wp-content/themes/Must-Have/woocommerce/content-single-product.php en la línea 187

2021-03-01T16:09:55+00:00 CRITICAL Uncaught Error: Call to a member function render_store_tab_comment_list() on null in /var/www/html/Must-Have/wp-content/themes/Must-Have/woocommerce/content-single-product.php:112
Stack trace:
#0 /var/www/html/Must-Have/wp-includes/template.php(732): require()
#1 /var/www/html/Must-Have/wp-content/plugins/woocommerce/includes/wc-core-functions.php(284): load_template()
#2 /var/www/html/Must-Have/wp-content/themes/Must-Have/woocommerce/single-product.php(37): wc_get_template_part()
#3 /var/www/html/Must-Have/wp-includes/template-loader.php(106): include('/var/www/html/M...')
#4 /var/www/html/Must-Have/wp-blog-header.php(19): require_once('/var/www/html/M...')
#5 /var/www/html/Must-Have/index.php(17): require('/var/www/html/M...')
#6 {main}
  thrown en /var/www/html/Must-Have/wp-content/themes/Must-Have/woocommerce/content-single-product.php en la línea 112

2021-03-01T16:10:08+00:00 CRITICAL Uncaught Error: Call to a member function render_store_tab_comment_list() on null in /var/www/html/Must-Have/wp-content/themes/Must-Have/woocommerce/content-single-product.php:112
Stack trace:
#0 /var/www/html/Must-Have/wp-includes/template.php(732): require()
#1 /var/www/html/Must-Have/wp-content/plugins/woocommerce/includes/wc-core-functions.php(284): load_template()
#2 /var/www/html/Must-Have/wp-content/themes/Must-Have/woocommerce/single-product.php(37): wc_get_template_part()
#3 /var/www/html/Must-Have/wp-includes/template-loader.php(106): include('/var/www/html/M...')
#4 /var/www/html/Must-Have/wp-blog-header.php(19): require_once('/var/www/html/M...')
#5 /var/www/html/Must-Have/index.php(17): require('/var/www/html/M...')
#6 {main}
  thrown en /var/www/html/Must-Have/wp-content/themes/Must-Have/woocommerce/content-single-product.php en la línea 112

2021-03-01T16:19:30+00:00 CRITICAL Uncaught Error: Call to a member function get_id() on null in /var/www/html/Must-Have/wp-content/themes/Must-Have/woocommerce/content-single-product.php:112
Stack trace:
#0 /var/www/html/Must-Have/wp-includes/template.php(732): require()
#1 /var/www/html/Must-Have/wp-content/plugins/woocommerce/includes/wc-core-functions.php(284): load_template()
#2 /var/www/html/Must-Have/wp-content/themes/Must-Have/woocommerce/single-product.php(37): wc_get_template_part()
#3 /var/www/html/Must-Have/wp-includes/template-loader.php(106): include('/var/www/html/M...')
#4 /var/www/html/Must-Have/wp-blog-header.php(19): require_once('/var/www/html/M...')
#5 /var/www/html/Must-Have/index.php(17): require('/var/www/html/M...')
#6 {main}
  thrown en /var/www/html/Must-Have/wp-content/themes/Must-Have/woocommerce/content-single-product.php en la línea 112

2021-03-01T16:19:53+00:00 CRITICAL Uncaught Error: Call to a member function get_id() on null in /var/www/html/Must-Have/wp-content/themes/Must-Have/woocommerce/content-single-product.php:96
Stack trace:
#0 /var/www/html/Must-Have/wp-includes/template.php(732): require()
#1 /var/www/html/Must-Have/wp-content/plugins/woocommerce/includes/wc-core-functions.php(284): load_template()
#2 /var/www/html/Must-Have/wp-content/themes/Must-Have/woocommerce/single-product.php(37): wc_get_template_part()
#3 /var/www/html/Must-Have/wp-includes/template-loader.php(106): include('/var/www/html/M...')
#4 /var/www/html/Must-Have/wp-blog-header.php(19): require_once('/var/www/html/M...')
#5 /var/www/html/Must-Have/index.php(17): require('/var/www/html/M...')
#6 {main}
  thrown en /var/www/html/Must-Have/wp-content/themes/Must-Have/woocommerce/content-single-product.php en la línea 96

2021-03-01T17:38:45+00:00 CRITICAL syntax error, unexpected '}', expecting end of file en /var/www/html/Must-Have/wp-content/themes/Must-Have/woocommerce/content-single-product.php en la línea 136

2021-03-01T19:08:13+00:00 CRITICAL syntax error, unexpected 'if' (T_IF) en /var/www/html/Must-Have/wp-content/themes/Must-Have/woocommerce/content-single-product.php en la línea 106

2021-03-01T19:19:54+00:00 CRITICAL Uncaught Error: Call to undefined function dokan_get_vendor_info() in /var/www/html/Must-Have/wp-content/themes/Must-Have/woocommerce/content-single-product.php:101
Stack trace:
#0 /var/www/html/Must-Have/wp-includes/template.php(732): require()
#1 /var/www/html/Must-Have/wp-content/plugins/woocommerce/includes/wc-core-functions.php(284): load_template()
#2 /var/www/html/Must-Have/wp-content/themes/Must-Have/woocommerce/single-product.php(37): wc_get_template_part()
#3 /var/www/html/Must-Have/wp-includes/template-loader.php(106): include('/var/www/html/M...')
#4 /var/www/html/Must-Have/wp-blog-header.php(19): require_once('/var/www/html/M...')
#5 /var/www/html/Must-Have/index.php(17): require('/var/www/html/M...')
#6 {main}
  thrown en /var/www/html/Must-Have/wp-content/themes/Must-Have/woocommerce/content-single-product.php en la línea 101

2021-03-01T19:42:06+00:00 CRITICAL Cannot redeclare sold_by() (previously declared in /var/www/html/Must-Have/wp-content/themes/Must-Have/functions.php:209) en /var/www/html/Must-Have/wp-content/themes/Must-Have/woocommerce/content-single-product.php en la línea 122

2021-03-01T19:42:14+00:00 CRITICAL Cannot redeclare sold_by() (previously declared in /var/www/html/Must-Have/wp-content/themes/Must-Have/functions.php:209) en /var/www/html/Must-Have/wp-content/themes/Must-Have/woocommerce/content-single-product.php en la línea 122

2021-03-01T20:06:08+00:00 CRITICAL Uncaught Error: Call to a member function get_id() on array in /var/www/html/Must-Have/wp-content/themes/Must-Have/woocommerce/content-single-product.php:128
Stack trace:
#0 /var/www/html/Must-Have/wp-includes/template.php(732): require()
#1 /var/www/html/Must-Have/wp-content/plugins/woocommerce/includes/wc-core-functions.php(284): load_template()
#2 /var/www/html/Must-Have/wp-content/themes/Must-Have/woocommerce/single-product.php(37): wc_get_template_part()
#3 /var/www/html/Must-Have/wp-includes/template-loader.php(106): include('/var/www/html/M...')
#4 /var/www/html/Must-Have/wp-blog-header.php(19): require_once('/var/www/html/M...')
#5 /var/www/html/Must-Have/index.php(17): require('/var/www/html/M...')
#6 {main}
  thrown en /var/www/html/Must-Have/wp-content/themes/Must-Have/woocommerce/content-single-product.php en la línea 128

2021-03-01T20:23:03+00:00 CRITICAL syntax error, unexpected '}', expecting ';' or ',' en /var/www/html/Must-Have/wp-content/themes/Must-Have/woocommerce/content-single-product.php en la línea 129

2021-03-01T20:47:48+00:00 CRITICAL Uncaught Error: Using $this when not in object context in /var/www/html/Must-Have/wp-content/themes/Must-Have/woocommerce/content-single-product.php:130
Stack trace:
#0 /var/www/html/Must-Have/wp-includes/template.php(732): require()
#1 /var/www/html/Must-Have/wp-content/plugins/woocommerce/includes/wc-core-functions.php(284): load_template()
#2 /var/www/html/Must-Have/wp-content/themes/Must-Have/woocommerce/single-product.php(37): wc_get_template_part()
#3 /var/www/html/Must-Have/wp-includes/template-loader.php(106): include('/var/www/html/M...')
#4 /var/www/html/Must-Have/wp-blog-header.php(19): require_once('/var/www/html/M...')
#5 /var/www/html/Must-Have/index.php(17): require('/var/www/html/M...')
#6 {main}
  thrown en /var/www/html/Must-Have/wp-content/themes/Must-Have/woocommerce/content-single-product.php en la línea 130

2021-03-01T20:48:11+00:00 CRITICAL Uncaught Error: Using $this when not in object context in /var/www/html/Must-Have/wp-content/themes/Must-Have/woocommerce/content-single-product.php:135
Stack trace:
#0 /var/www/html/Must-Have/wp-includes/template.php(732): require()
#1 /var/www/html/Must-Have/wp-content/plugins/woocommerce/includes/wc-core-functions.php(284): load_template()
#2 /var/www/html/Must-Have/wp-content/themes/Must-Have/woocommerce/single-product.php(37): wc_get_template_part()
#3 /var/www/html/Must-Have/wp-includes/template-loader.php(106): include('/var/www/html/M...')
#4 /var/www/html/Must-Have/wp-blog-header.php(19): require_once('/var/www/html/M...')
#5 /var/www/html/Must-Have/index.php(17): require('/var/www/html/M...')
#6 {main}
  thrown en /var/www/html/Must-Have/wp-content/themes/Must-Have/woocommerce/content-single-product.php en la línea 135

2021-03-01T20:49:20+00:00 CRITICAL Uncaught Error: Using $this when not in object context in /var/www/html/Must-Have/wp-content/themes/Must-Have/woocommerce/content-single-product.php:135
Stack trace:
#0 /var/www/html/Must-Have/wp-includes/template.php(732): require()
#1 /var/www/html/Must-Have/wp-content/plugins/woocommerce/includes/wc-core-functions.php(284): load_template()
#2 /var/www/html/Must-Have/wp-content/themes/Must-Have/woocommerce/single-product.php(37): wc_get_template_part()
#3 /var/www/html/Must-Have/wp-includes/template-loader.php(106): include('/var/www/html/M...')
#4 /var/www/html/Must-Have/wp-blog-header.php(19): require_once('/var/www/html/M...')
#5 /var/www/html/Must-Have/index.php(17): require('/var/www/html/M...')
#6 {main}
  thrown en /var/www/html/Must-Have/wp-content/themes/Must-Have/woocommerce/content-single-product.php en la línea 135

2021-03-01T20:52:17+00:00 CRITICAL Uncaught Error: Call to undefined function dokan_get_readable_seller_rat() in /var/www/html/Must-Have/wp-content/themes/Must-Have/woocommerce/content-single-product.php:169
Stack trace:
#0 /var/www/html/Must-Have/wp-includes/template.php(732): require()
#1 /var/www/html/Must-Have/wp-content/plugins/woocommerce/includes/wc-core-functions.php(284): load_template()
#2 /var/www/html/Must-Have/wp-content/themes/Must-Have/woocommerce/single-product.php(37): wc_get_template_part()
#3 /var/www/html/Must-Have/wp-includes/template-loader.php(106): include('/var/www/html/M...')
#4 /var/www/html/Must-Have/wp-blog-header.php(19): require_once('/var/www/html/M...')
#5 /var/www/html/Must-Have/index.php(17): require('/var/www/html/M...')
#6 {main}
  thrown en /var/www/html/Must-Have/wp-content/themes/Must-Have/woocommerce/content-single-product.php en la línea 169

2021-03-01T20:52:40+00:00 CRITICAL Uncaught Error: Call to undefined function dokan_get_readable_seller_rat() in /var/www/html/Must-Have/wp-content/themes/Must-Have/woocommerce/content-single-product.php:169
Stack trace:
#0 /var/www/html/Must-Have/wp-includes/template.php(732): require()
#1 /var/www/html/Must-Have/wp-content/plugins/woocommerce/includes/wc-core-functions.php(284): load_template()
#2 /var/www/html/Must-Have/wp-content/themes/Must-Have/woocommerce/single-product.php(37): wc_get_template_part()
#3 /var/www/html/Must-Have/wp-includes/template-loader.php(106): include('/var/www/html/M...')
#4 /var/www/html/Must-Have/wp-blog-header.php(19): require_once('/var/www/html/M...')
#5 /var/www/html/Must-Have/index.php(17): require('/var/www/html/M...')
#6 {main}
  thrown en /var/www/html/Must-Have/wp-content/themes/Must-Have/woocommerce/content-single-product.php en la línea 169

2021-03-01T20:53:28+00:00 CRITICAL Uncaught Error: Call to undefined function dokan_get_readable_seller_rat() in /var/www/html/Must-Have/wp-content/themes/Must-Have/woocommerce/content-single-product.php:169
Stack trace:
#0 /var/www/html/Must-Have/wp-includes/template.php(732): require()
#1 /var/www/html/Must-Have/wp-content/plugins/woocommerce/includes/wc-core-functions.php(284): load_template()
#2 /var/www/html/Must-Have/wp-content/themes/Must-Have/woocommerce/single-product.php(37): wc_get_template_part()
#3 /var/www/html/Must-Have/wp-includes/template-loader.php(106): include('/var/www/html/M...')
#4 /var/www/html/Must-Have/wp-blog-header.php(19): require_once('/var/www/html/M...')
#5 /var/www/html/Must-Have/index.php(17): require('/var/www/html/M...')
#6 {main}
  thrown en /var/www/html/Must-Have/wp-content/themes/Must-Have/woocommerce/content-single-product.php en la línea 169

2021-03-01T20:53:55+00:00 CRITICAL Uncaught Error: Call to undefined function dokan_get_readable_seller_rat() in /var/www/html/Must-Have/wp-content/themes/Must-Have/woocommerce/content-single-product.php:164
Stack trace:
#0 /var/www/html/Must-Have/wp-includes/template.php(732): require()
#1 /var/www/html/Must-Have/wp-content/plugins/woocommerce/includes/wc-core-functions.php(284): load_template()
#2 /var/www/html/Must-Have/wp-content/themes/Must-Have/woocommerce/single-product.php(37): wc_get_template_part()
#3 /var/www/html/Must-Have/wp-includes/template-loader.php(106): include('/var/www/html/M...')
#4 /var/www/html/Must-Have/wp-blog-header.php(19): require_once('/var/www/html/M...')
#5 /var/www/html/Must-Have/index.php(17): require('/var/www/html/M...')
#6 {main}
  thrown en /var/www/html/Must-Have/wp-content/themes/Must-Have/woocommerce/content-single-product.php en la línea 164

2021-03-01T20:54:11+00:00 CRITICAL Uncaught Error: Call to undefined function dokan_get_readable_seller_rat() in /var/www/html/Must-Have/wp-content/themes/Must-Have/woocommerce/content-single-product.php:164
Stack trace:
#0 /var/www/html/Must-Have/wp-includes/template.php(732): require()
#1 /var/www/html/Must-Have/wp-content/plugins/woocommerce/includes/wc-core-functions.php(284): load_template()
#2 /var/www/html/Must-Have/wp-content/themes/Must-Have/woocommerce/single-product.php(37): wc_get_template_part()
#3 /var/www/html/Must-Have/wp-includes/template-loader.php(106): include('/var/www/html/M...')
#4 /var/www/html/Must-Have/wp-blog-header.php(19): require_once('/var/www/html/M...')
#5 /var/www/html/Must-Have/index.php(17): require('/var/www/html/M...')
#6 {main}
  thrown en /var/www/html/Must-Have/wp-content/themes/Must-Have/woocommerce/content-single-product.php en la línea 164

2021-03-01T20:54:30+00:00 CRITICAL Uncaught Error: Call to undefined function dokan_get_readable_seller_rat() in /var/www/html/Must-Have/wp-content/themes/Must-Have/woocommerce/content-single-product.php:164
Stack trace:
#0 /var/www/html/Must-Have/wp-includes/template.php(732): require()
#1 /var/www/html/Must-Have/wp-content/plugins/woocommerce/includes/wc-core-functions.php(284): load_template()
#2 /var/www/html/Must-Have/wp-content/themes/Must-Have/woocommerce/single-product.php(37): wc_get_template_part()
#3 /var/www/html/Must-Have/wp-includes/template-loader.php(106): include('/var/www/html/M...')
#4 /var/www/html/Must-Have/wp-blog-header.php(19): require_once('/var/www/html/M...')
#5 /var/www/html/Must-Have/index.php(17): require('/var/www/html/M...')
#6 {main}
  thrown en /var/www/html/Must-Have/wp-content/themes/Must-Have/woocommerce/content-single-product.php en la línea 164

2021-03-01T20:55:13+00:00 CRITICAL Uncaught Error: Call to undefined function dokan_get_readable_seller_rat() in /var/www/html/Must-Have/wp-content/themes/Must-Have/woocommerce/content-single-product.php:164
Stack trace:
#0 /var/www/html/Must-Have/wp-includes/template.php(732): require()
#1 /var/www/html/Must-Have/wp-content/plugins/woocommerce/includes/wc-core-functions.php(284): load_template()
#2 /var/www/html/Must-Have/wp-content/themes/Must-Have/woocommerce/single-product.php(37): wc_get_template_part()
#3 /var/www/html/Must-Have/wp-includes/template-loader.php(106): include('/var/www/html/M...')
#4 /var/www/html/Must-Have/wp-blog-header.php(19): require_once('/var/www/html/M...')
#5 /var/www/html/Must-Have/index.php(17): require('/var/www/html/M...')
#6 {main}
  thrown en /var/www/html/Must-Have/wp-content/themes/Must-Have/woocommerce/content-single-product.php en la línea 164

2021-03-01T21:16:41+00:00 CRITICAL Uncaught Error: Call to undefined function <span class="seller-rating">
                        <span title=" Valorado 3.00 de 5" class="star-rating" itemtype="http://schema.org/Rating" itemscope="" itemprop="reviewRating">
                            <span class="width" style="width: 60%"></span>
                            <span style=""><strong itemprop="ratingValue">3.00</strong></span>
                        </span>
                    </span>
                    <span class="text"><a href="http://localhost/Must-Have/Tienda/myshop/reviews">3.00 de puntuación de 1 reseña</a></span>() in /var/www/html/Must-Have/wp-content/themes/Must-Have/woocommerce/content-single-product.php:134
Stack trace:
#0 /var/www/html/Must-Have/wp-includes/template.php(732): require()
#1 /var/www/html/Must-Have/wp-content/plugins/woocommerce/includes/wc-core-functions.php(284): load_template()
#2 /var/www/html/Must-Have/wp-content/themes/Must-Have/woocommerce/single-product.php(37): wc_get_template_part()
#3 /var/www/html/Must- en /var/www/html/Must-Have/wp-content/themes/Must-Have/woocommerce/content-single-product.php en la línea 134

2021-03-01T21:21:45+00:00 CRITICAL Uncaught Error: Using $this when not in object context in /var/www/html/Must-Have/wp-content/themes/Must-Have/woocommerce/content-single-product.php:130
Stack trace:
#0 /var/www/html/Must-Have/wp-includes/template.php(732): require()
#1 /var/www/html/Must-Have/wp-content/plugins/woocommerce/includes/wc-core-functions.php(284): load_template()
#2 /var/www/html/Must-Have/wp-content/themes/Must-Have/woocommerce/single-product.php(37): wc_get_template_part()
#3 /var/www/html/Must-Have/wp-includes/template-loader.php(106): include('/var/www/html/M...')
#4 /var/www/html/Must-Have/wp-blog-header.php(19): require_once('/var/www/html/M...')
#5 /var/www/html/Must-Have/index.php(17): require('/var/www/html/M...')
#6 {main}
  thrown en /var/www/html/Must-Have/wp-content/themes/Must-Have/woocommerce/content-single-product.php en la línea 130

2021-03-01T21:22:06+00:00 CRITICAL Uncaught Error: Using $this when not in object context in /var/www/html/Must-Have/wp-content/themes/Must-Have/woocommerce/content-single-product.php:130
Stack trace:
#0 /var/www/html/Must-Have/wp-includes/template.php(732): require()
#1 /var/www/html/Must-Have/wp-content/plugins/woocommerce/includes/wc-core-functions.php(284): load_template()
#2 /var/www/html/Must-Have/wp-content/themes/Must-Have/woocommerce/single-product.php(37): wc_get_template_part()
#3 /var/www/html/Must-Have/wp-includes/template-loader.php(106): include('/var/www/html/M...')
#4 /var/www/html/Must-Have/wp-blog-header.php(19): require_once('/var/www/html/M...')
#5 /var/www/html/Must-Have/index.php(17): require('/var/www/html/M...')
#6 {main}
  thrown en /var/www/html/Must-Have/wp-content/themes/Must-Have/woocommerce/content-single-product.php en la línea 130

2021-03-01T21:25:20+00:00 CRITICAL Uncaught Error: Call to a member function get_rating() on int in /var/www/html/Must-Have/wp-content/themes/Must-Have/woocommerce/content-single-product.php:130
Stack trace:
#0 /var/www/html/Must-Have/wp-includes/template.php(732): require()
#1 /var/www/html/Must-Have/wp-content/plugins/woocommerce/includes/wc-core-functions.php(284): load_template()
#2 /var/www/html/Must-Have/wp-content/themes/Must-Have/woocommerce/single-product.php(37): wc_get_template_part()
#3 /var/www/html/Must-Have/wp-includes/template-loader.php(106): include('/var/www/html/M...')
#4 /var/www/html/Must-Have/wp-blog-header.php(19): require_once('/var/www/html/M...')
#5 /var/www/html/Must-Have/index.php(17): require('/var/www/html/M...')
#6 {main}
  thrown en /var/www/html/Must-Have/wp-content/themes/Must-Have/woocommerce/content-single-product.php en la línea 130

2021-03-01T21:27:40+00:00 CRITICAL Uncaught Error: Call to a member function get_rating() on array in /var/www/html/Must-Have/wp-content/themes/Must-Have/woocommerce/content-single-product.php:130
Stack trace:
#0 /var/www/html/Must-Have/wp-includes/template.php(732): require()
#1 /var/www/html/Must-Have/wp-content/plugins/woocommerce/includes/wc-core-functions.php(284): load_template()
#2 /var/www/html/Must-Have/wp-content/themes/Must-Have/woocommerce/single-product.php(37): wc_get_template_part()
#3 /var/www/html/Must-Have/wp-includes/template-loader.php(106): include('/var/www/html/M...')
#4 /var/www/html/Must-Have/wp-blog-header.php(19): require_once('/var/www/html/M...')
#5 /var/www/html/Must-Have/index.php(17): require('/var/www/html/M...')
#6 {main}
  thrown en /var/www/html/Must-Have/wp-content/themes/Must-Have/woocommerce/content-single-product.php en la línea 130

2021-03-01T21:28:41+00:00 CRITICAL syntax error, unexpected ';', expecting ')' en /var/www/html/Must-Have/wp-content/themes/Must-Have/woocommerce/content-single-product.php en la línea 131

2021-03-01T21:28:53+00:00 CRITICAL Uncaught Error: Using $this when not in object context in /var/www/html/Must-Have/wp-content/themes/Must-Have/woocommerce/content-single-product.php:131
Stack trace:
#0 /var/www/html/Must-Have/wp-includes/template.php(732): require()
#1 /var/www/html/Must-Have/wp-content/plugins/woocommerce/includes/wc-core-functions.php(284): load_template()
#2 /var/www/html/Must-Have/wp-content/themes/Must-Have/woocommerce/single-product.php(37): wc_get_template_part()
#3 /var/www/html/Must-Have/wp-includes/template-loader.php(106): include('/var/www/html/M...')
#4 /var/www/html/Must-Have/wp-blog-header.php(19): require_once('/var/www/html/M...')
#5 /var/www/html/Must-Have/index.php(17): require('/var/www/html/M...')
#6 {main}
  thrown en /var/www/html/Must-Have/wp-content/themes/Must-Have/woocommerce/content-single-product.php en la línea 131

2021-03-01T21:29:34+00:00 CRITICAL Uncaught Error: Using $this when not in object context in /var/www/html/Must-Have/wp-content/themes/Must-Have/woocommerce/content-single-product.php:131
Stack trace:
#0 /var/www/html/Must-Have/wp-includes/template.php(732): require()
#1 /var/www/html/Must-Have/wp-content/plugins/woocommerce/includes/wc-core-functions.php(284): load_template()
#2 /var/www/html/Must-Have/wp-content/themes/Must-Have/woocommerce/single-product.php(37): wc_get_template_part()
#3 /var/www/html/Must-Have/wp-includes/template-loader.php(106): include('/var/www/html/M...')
#4 /var/www/html/Must-Have/wp-blog-header.php(19): require_once('/var/www/html/M...')
#5 /var/www/html/Must-Have/index.php(17): require('/var/www/html/M...')
#6 {main}
  thrown en /var/www/html/Must-Have/wp-content/themes/Must-Have/woocommerce/content-single-product.php en la línea 131

2021-03-01T21:38:22+00:00 CRITICAL syntax error, unexpected '$width' (T_VARIABLE), expecting ')' en /var/www/html/Must-Have/wp-content/themes/Must-Have/woocommerce/content-single-product.php en la línea 130

2021-03-01T21:40:39+00:00 CRITICAL syntax error, unexpected '?>', expecting ')' en /var/www/html/Must-Have/wp-content/themes/Must-Have/woocommerce/content-single-product.php en la línea 131

2021-03-01T21:40:53+00:00 CRITICAL syntax error, unexpected '?>', expecting ')' en /var/www/html/Must-Have/wp-content/themes/Must-Have/woocommerce/content-single-product.php en la línea 131

