2021-03-18T15:51:58+00:00 CRITICAL syntax error, unexpected ')', expecting ',' or ';' in /var/www/html/Must-Have/wp-content/themes/Must-Have/page-categorias.php on line 21

2021-03-18T15:58:58+00:00 CRITICAL Uncaught Error: Call to undefined function get_term_thumbnail() in /var/www/html/Must-Have/wp-content/themes/Must-Have/page-categorias.php:21
Stack trace:
#0 /var/www/html/Must-Have/wp-includes/template-loader.php(106): include()
#1 /var/www/html/Must-Have/wp-blog-header.php(19): require_once('/var/www/html/M...')
#2 /var/www/html/Must-Have/index.php(17): require('/var/www/html/M...')
#3 {main}
  thrown in /var/www/html/Must-Have/wp-content/themes/Must-Have/page-categorias.php on line 21

2021-03-18T16:01:31+00:00 CRITICAL syntax error, unexpected 'size' (T_STRING), expecting variable (T_VARIABLE) or '{' or '$' in /var/www/html/Must-Have/wp-content/themes/Must-Have/page-categorias.php on line 21

2021-03-18T16:01:55+00:00 CRITICAL Uncaught Error: Call to undefined function get_term_thumbnail() in /var/www/html/Must-Have/wp-content/themes/Must-Have/page-categorias.php:21
Stack trace:
#0 /var/www/html/Must-Have/wp-includes/template-loader.php(106): include()
#1 /var/www/html/Must-Have/wp-blog-header.php(19): require_once('/var/www/html/M...')
#2 /var/www/html/Must-Have/index.php(17): require('/var/www/html/M...')
#3 {main}
  thrown in /var/www/html/Must-Have/wp-content/themes/Must-Have/page-categorias.php on line 21

2021-03-18T16:02:21+00:00 CRITICAL Uncaught Error: Call to undefined function get_term_thumbnail() in /var/www/html/Must-Have/wp-content/themes/Must-Have/page-categorias.php:21
Stack trace:
#0 /var/www/html/Must-Have/wp-includes/template-loader.php(106): include()
#1 /var/www/html/Must-Have/wp-blog-header.php(19): require_once('/var/www/html/M...')
#2 /var/www/html/Must-Have/index.php(17): require('/var/www/html/M...')
#3 {main}
  thrown in /var/www/html/Must-Have/wp-content/themes/Must-Have/page-categorias.php on line 21

2021-03-18T16:02:29+00:00 CRITICAL Uncaught Error: Call to undefined function get_term_thumbnail() in /var/www/html/Must-Have/wp-content/themes/Must-Have/page-categorias.php:21
Stack trace:
#0 /var/www/html/Must-Have/wp-includes/template-loader.php(106): include()
#1 /var/www/html/Must-Have/wp-blog-header.php(19): require_once('/var/www/html/M...')
#2 /var/www/html/Must-Have/index.php(17): require('/var/www/html/M...')
#3 {main}
  thrown in /var/www/html/Must-Have/wp-content/themes/Must-Have/page-categorias.php on line 21

2021-03-18T16:02:33+00:00 CRITICAL Uncaught Error: Call to undefined function get_term_thumbnail() in /var/www/html/Must-Have/wp-content/themes/Must-Have/page-categorias.php:21
Stack trace:
#0 /var/www/html/Must-Have/wp-includes/template-loader.php(106): include()
#1 /var/www/html/Must-Have/wp-blog-header.php(19): require_once('/var/www/html/M...')
#2 /var/www/html/Must-Have/index.php(17): require('/var/www/html/M...')
#3 {main}
  thrown in /var/www/html/Must-Have/wp-content/themes/Must-Have/page-categorias.php on line 21

2021-03-18T16:03:10+00:00 CRITICAL Uncaught Error: Call to undefined function get_term_thumbnail() in /var/www/html/Must-Have/wp-content/themes/Must-Have/page-categorias.php:21
Stack trace:
#0 /var/www/html/Must-Have/wp-includes/template-loader.php(106): include()
#1 /var/www/html/Must-Have/wp-blog-header.php(19): require_once('/var/www/html/M...')
#2 /var/www/html/Must-Have/index.php(17): require('/var/www/html/M...')
#3 {main}
  thrown in /var/www/html/Must-Have/wp-content/themes/Must-Have/page-categorias.php on line 21

2021-03-18T16:05:57+00:00 CRITICAL Uncaught Error: Call to undefined function get_term_thumbnail() in /var/www/html/Must-Have/wp-content/themes/Must-Have/page-categorias.php:21
Stack trace:
#0 /var/www/html/Must-Have/wp-includes/template-loader.php(106): include()
#1 /var/www/html/Must-Have/wp-blog-header.php(19): require_once('/var/www/html/M...')
#2 /var/www/html/Must-Have/index.php(17): require('/var/www/html/M...')
#3 {main}
  thrown in /var/www/html/Must-Have/wp-content/themes/Must-Have/page-categorias.php on line 21

2021-03-18T16:06:08+00:00 CRITICAL Uncaught Error: Call to undefined function get_term_thumbnail() in /var/www/html/Must-Have/wp-content/themes/Must-Have/page-categorias.php:21
Stack trace:
#0 /var/www/html/Must-Have/wp-includes/template-loader.php(106): include()
#1 /var/www/html/Must-Have/wp-blog-header.php(19): require_once('/var/www/html/M...')
#2 /var/www/html/Must-Have/index.php(17): require('/var/www/html/M...')
#3 {main}
  thrown in /var/www/html/Must-Have/wp-content/themes/Must-Have/page-categorias.php on line 21

2021-03-18T16:13:53+00:00 CRITICAL Uncaught Error: Call to undefined method WP_Term::the_post_thumbnail() in /var/www/html/Must-Have/wp-content/themes/Must-Have/page-categorias.php:21
Stack trace:
#0 /var/www/html/Must-Have/wp-includes/template-loader.php(106): include()
#1 /var/www/html/Must-Have/wp-blog-header.php(19): require_once('/var/www/html/M...')
#2 /var/www/html/Must-Have/index.php(17): require('/var/www/html/M...')
#3 {main}
  thrown in /var/www/html/Must-Have/wp-content/themes/Must-Have/page-categorias.php on line 21

2021-03-18T16:15:00+00:00 CRITICAL Uncaught Error: Call to undefined method WP_Term::get_terms_thumbnail() in /var/www/html/Must-Have/wp-content/themes/Must-Have/page-categorias.php:21
Stack trace:
#0 /var/www/html/Must-Have/wp-includes/template-loader.php(106): include()
#1 /var/www/html/Must-Have/wp-blog-header.php(19): require_once('/var/www/html/M...')
#2 /var/www/html/Must-Have/index.php(17): require('/var/www/html/M...')
#3 {main}
  thrown in /var/www/html/Must-Have/wp-content/themes/Must-Have/page-categorias.php on line 21

2021-03-18T16:15:15+00:00 CRITICAL Uncaught Error: Call to undefined method WP_Term::get_terms_thumbnail() in /var/www/html/Must-Have/wp-content/themes/Must-Have/page-categorias.php:21
Stack trace:
#0 /var/www/html/Must-Have/wp-includes/template-loader.php(106): include()
#1 /var/www/html/Must-Have/wp-blog-header.php(19): require_once('/var/www/html/M...')
#2 /var/www/html/Must-Have/index.php(17): require('/var/www/html/M...')
#3 {main}
  thrown in /var/www/html/Must-Have/wp-content/themes/Must-Have/page-categorias.php on line 21

2021-03-18T16:23:23+00:00 CRITICAL syntax error, unexpected 'apply_filters' (T_STRING) in /var/www/html/Must-Have/wp-content/themes/Must-Have/page-categorias.php on line 21

2021-03-18T16:32:22+00:00 CRITICAL syntax error, unexpected 'term_taxonomy_id' (T_STRING), expecting variable (T_VARIABLE) or '{' or '$' in /var/www/html/Must-Have/wp-content/themes/Must-Have/page-categorias.php on line 37

2021-03-18T16:32:36+00:00 CRITICAL Uncaught Error: Call to undefined function get_term_thumbnail_id() in /var/www/html/Must-Have/wp-content/themes/Must-Have/page-categorias.php:37
Stack trace:
#0 /var/www/html/Must-Have/wp-includes/template-loader.php(106): include()
#1 /var/www/html/Must-Have/wp-blog-header.php(19): require_once('/var/www/html/M...')
#2 /var/www/html/Must-Have/index.php(17): require('/var/www/html/M...')
#3 {main}
  thrown in /var/www/html/Must-Have/wp-content/themes/Must-Have/page-categorias.php on line 37

2021-03-18T16:33:11+00:00 CRITICAL Uncaught Error: Call to undefined function get_term_thumbnail_id() in /var/www/html/Must-Have/wp-content/themes/Must-Have/page-categorias.php:37
Stack trace:
#0 /var/www/html/Must-Have/wp-includes/template-loader.php(106): include()
#1 /var/www/html/Must-Have/wp-blog-header.php(19): require_once('/var/www/html/M...')
#2 /var/www/html/Must-Have/index.php(17): require('/var/www/html/M...')
#3 {main}
  thrown in /var/www/html/Must-Have/wp-content/themes/Must-Have/page-categorias.php on line 37

2021-03-18T16:33:27+00:00 CRITICAL Uncaught Error: Call to undefined function get_term_thumbnail_id() in /var/www/html/Must-Have/wp-content/themes/Must-Have/page-categorias.php:37
Stack trace:
#0 /var/www/html/Must-Have/wp-includes/template-loader.php(106): include()
#1 /var/www/html/Must-Have/wp-blog-header.php(19): require_once('/var/www/html/M...')
#2 /var/www/html/Must-Have/index.php(17): require('/var/www/html/M...')
#3 {main}
  thrown in /var/www/html/Must-Have/wp-content/themes/Must-Have/page-categorias.php on line 37

2021-03-18T16:33:45+00:00 CRITICAL Uncaught Error: Call to undefined function get_term_thumbnail() in /var/www/html/Must-Have/wp-content/themes/Must-Have/page-categorias.php:37
Stack trace:
#0 /var/www/html/Must-Have/wp-includes/template-loader.php(106): include()
#1 /var/www/html/Must-Have/wp-blog-header.php(19): require_once('/var/www/html/M...')
#2 /var/www/html/Must-Have/index.php(17): require('/var/www/html/M...')
#3 {main}
  thrown in /var/www/html/Must-Have/wp-content/themes/Must-Have/page-categorias.php on line 37

