2021-02-25T16:53:29+00:00 CRITICAL Uncaught Error: Call to undefined function excerpt() in /var/www/html/Must-Have/wp-content/themes/Must-Have/woocommerce/archive-product.php:81
Stack trace:
#0 /var/www/html/Must-Have/wp-includes/template-loader.php(106): include()
#1 /var/www/html/Must-Have/wp-blog-header.php(19): require_once('/var/www/html/M...')
#2 /var/www/html/Must-Have/index.php(17): require('/var/www/html/M...')
#3 {main}
  thrown en /var/www/html/Must-Have/wp-content/themes/Must-Have/woocommerce/archive-product.php en la línea 81

2021-02-25T16:59:23+00:00 CRITICAL Uncaught Error: Call to undefined function excerpt() in /var/www/html/Must-Have/wp-content/themes/Must-Have/woocommerce/archive-product.php:81
Stack trace:
#0 /var/www/html/Must-Have/wp-includes/template-loader.php(106): include()
#1 /var/www/html/Must-Have/wp-blog-header.php(19): require_once('/var/www/html/M...')
#2 /var/www/html/Must-Have/index.php(17): require('/var/www/html/M...')
#3 {main}
  thrown en /var/www/html/Must-Have/wp-content/themes/Must-Have/woocommerce/archive-product.php en la línea 81

2021-02-25T17:00:49+00:00 CRITICAL Uncaught Error: Call to undefined function excerpt() in /var/www/html/Must-Have/wp-content/themes/Must-Have/woocommerce/archive-product.php:81
Stack trace:
#0 /var/www/html/Must-Have/wp-includes/template-loader.php(106): include()
#1 /var/www/html/Must-Have/wp-blog-header.php(19): require_once('/var/www/html/M...')
#2 /var/www/html/Must-Have/index.php(17): require('/var/www/html/M...')
#3 {main}
  thrown en /var/www/html/Must-Have/wp-content/themes/Must-Have/woocommerce/archive-product.php en la línea 81

2021-02-25T17:03:43+00:00 CRITICAL Uncaught Error: Call to undefined function excerpt() in /var/www/html/Must-Have/wp-content/themes/Must-Have/woocommerce/archive-product.php:79
Stack trace:
#0 /var/www/html/Must-Have/wp-includes/template-loader.php(106): include()
#1 /var/www/html/Must-Have/wp-blog-header.php(19): require_once('/var/www/html/M...')
#2 /var/www/html/Must-Have/index.php(17): require('/var/www/html/M...')
#3 {main}
  thrown en /var/www/html/Must-Have/wp-content/themes/Must-Have/woocommerce/archive-product.php en la línea 79

2021-02-25T17:14:45+00:00 CRITICAL Uncaught Error: Call to undefined function excerpt() in /var/www/html/Must-Have/wp-content/themes/Must-Have/woocommerce/archive-product.php:79
Stack trace:
#0 /var/www/html/Must-Have/wp-includes/template-loader.php(106): include()
#1 /var/www/html/Must-Have/wp-blog-header.php(19): require_once('/var/www/html/M...')
#2 /var/www/html/Must-Have/index.php(17): require('/var/www/html/M...')
#3 {main}
  thrown en /var/www/html/Must-Have/wp-content/themes/Must-Have/woocommerce/archive-product.php en la línea 79

2021-02-25T17:18:06+00:00 CRITICAL Uncaught Error: Call to undefined function excerpt() in /var/www/html/Must-Have/wp-content/themes/Must-Have/woocommerce/archive-product.php:79
Stack trace:
#0 /var/www/html/Must-Have/wp-includes/template-loader.php(106): include()
#1 /var/www/html/Must-Have/wp-blog-header.php(19): require_once('/var/www/html/M...')
#2 /var/www/html/Must-Have/index.php(17): require('/var/www/html/M...')
#3 {main}
  thrown en /var/www/html/Must-Have/wp-content/themes/Must-Have/woocommerce/archive-product.php en la línea 79

2021-02-25T17:21:20+00:00 CRITICAL Uncaught Error: Call to undefined method WP_Term::the_permalink() in /var/www/html/Must-Have/wp-content/themes/Must-Have/woocommerce/archive-product.php:62
Stack trace:
#0 /var/www/html/Must-Have/wp-includes/template-loader.php(106): include()
#1 /var/www/html/Must-Have/wp-blog-header.php(19): require_once('/var/www/html/M...')
#2 /var/www/html/Must-Have/index.php(17): require('/var/www/html/M...')
#3 {main}
  thrown en /var/www/html/Must-Have/wp-content/themes/Must-Have/woocommerce/archive-product.php en la línea 62

2021-02-25T18:35:46+00:00 CRITICAL Uncaught Error: Call to undefined function is_mobile() in /var/www/html/Must-Have/wp-content/themes/Must-Have/header.php:67
Stack trace:
#0 /var/www/html/Must-Have/wp-includes/template.php(730): require_once()
#1 /var/www/html/Must-Have/wp-includes/template.php(676): load_template()
#2 /var/www/html/Must-Have/wp-includes/general-template.php(48): locate_template()
#3 /var/www/html/Must-Have/wp-content/themes/Must-Have/home.php(1): get_header()
#4 /var/www/html/Must-Have/wp-includes/template-loader.php(106): include('/var/www/html/M...')
#5 /var/www/html/Must-Have/wp-blog-header.php(19): require_once('/var/www/html/M...')
#6 /var/www/html/Must-Have/index.php(17): require('/var/www/html/M...')
#7 {main}
  thrown en /var/www/html/Must-Have/wp-content/themes/Must-Have/header.php en la línea 67

2021-02-25T18:36:04+00:00 CRITICAL Uncaught Error: Call to undefined function is_mobile() in /var/www/html/Must-Have/wp-content/themes/Must-Have/header.php:67
Stack trace:
#0 /var/www/html/Must-Have/wp-includes/template.php(730): require_once()
#1 /var/www/html/Must-Have/wp-includes/template.php(676): load_template()
#2 /var/www/html/Must-Have/wp-includes/general-template.php(48): locate_template()
#3 /var/www/html/Must-Have/wp-content/themes/Must-Have/home.php(1): get_header()
#4 /var/www/html/Must-Have/wp-includes/template-loader.php(106): include('/var/www/html/M...')
#5 /var/www/html/Must-Have/wp-blog-header.php(19): require_once('/var/www/html/M...')
#6 /var/www/html/Must-Have/index.php(17): require('/var/www/html/M...')
#7 {main}
  thrown en /var/www/html/Must-Have/wp-content/themes/Must-Have/header.php en la línea 67

2021-02-25T18:36:36+00:00 CRITICAL Uncaught Error: Call to undefined function is_mobile() in /var/www/html/Must-Have/wp-content/themes/Must-Have/header.php:67
Stack trace:
#0 /var/www/html/Must-Have/wp-includes/template.php(730): require_once()
#1 /var/www/html/Must-Have/wp-includes/template.php(676): load_template()
#2 /var/www/html/Must-Have/wp-includes/general-template.php(48): locate_template()
#3 /var/www/html/Must-Have/wp-content/themes/Must-Have/home.php(1): get_header()
#4 /var/www/html/Must-Have/wp-includes/template-loader.php(106): include('/var/www/html/M...')
#5 /var/www/html/Must-Have/wp-blog-header.php(19): require_once('/var/www/html/M...')
#6 /var/www/html/Must-Have/index.php(17): require('/var/www/html/M...')
#7 {main}
  thrown en /var/www/html/Must-Have/wp-content/themes/Must-Have/header.php en la línea 67

2021-02-25T18:36:37+00:00 CRITICAL Uncaught Error: Call to undefined function is_mobile() in /var/www/html/Must-Have/wp-content/themes/Must-Have/header.php:67
Stack trace:
#0 /var/www/html/Must-Have/wp-includes/template.php(730): require_once()
#1 /var/www/html/Must-Have/wp-includes/template.php(676): load_template()
#2 /var/www/html/Must-Have/wp-includes/general-template.php(48): locate_template()
#3 /var/www/html/Must-Have/wp-content/themes/Must-Have/404.php(1): get_header()
#4 /var/www/html/Must-Have/wp-includes/template-loader.php(106): include('/var/www/html/M...')
#5 /var/www/html/Must-Have/wp-blog-header.php(19): require_once('/var/www/html/M...')
#6 /var/www/html/Must-Have/index.php(17): require('/var/www/html/M...')
#7 {main}
  thrown en /var/www/html/Must-Have/wp-content/themes/Must-Have/header.php en la línea 67

2021-02-25T18:36:38+00:00 CRITICAL Uncaught Error: Call to undefined function is_mobile() in /var/www/html/Must-Have/wp-content/themes/Must-Have/header.php:67
Stack trace:
#0 /var/www/html/Must-Have/wp-includes/template.php(730): require_once()
#1 /var/www/html/Must-Have/wp-includes/template.php(676): load_template()
#2 /var/www/html/Must-Have/wp-includes/general-template.php(48): locate_template()
#3 /var/www/html/Must-Have/wp-content/themes/Must-Have/404.php(1): get_header()
#4 /var/www/html/Must-Have/wp-includes/template-loader.php(106): include('/var/www/html/M...')
#5 /var/www/html/Must-Have/wp-blog-header.php(19): require_once('/var/www/html/M...')
#6 /var/www/html/Must-Have/index.php(17): require('/var/www/html/M...')
#7 {main}
  thrown en /var/www/html/Must-Have/wp-content/themes/Must-Have/header.php en la línea 67

2021-02-25T18:37:01+00:00 CRITICAL syntax error, unexpected ';' en /var/www/html/Must-Have/wp-content/themes/Must-Have/header.php en la línea 67

2021-02-25T18:37:17+00:00 CRITICAL Uncaught Error: Call to undefined function is_mobile() in /var/www/html/Must-Have/wp-content/themes/Must-Have/header.php:67
Stack trace:
#0 /var/www/html/Must-Have/wp-includes/template.php(730): require_once()
#1 /var/www/html/Must-Have/wp-includes/template.php(676): load_template()
#2 /var/www/html/Must-Have/wp-includes/general-template.php(48): locate_template()
#3 /var/www/html/Must-Have/wp-content/themes/Must-Have/home.php(1): get_header()
#4 /var/www/html/Must-Have/wp-includes/template-loader.php(106): include('/var/www/html/M...')
#5 /var/www/html/Must-Have/wp-blog-header.php(19): require_once('/var/www/html/M...')
#6 /var/www/html/Must-Have/index.php(17): require('/var/www/html/M...')
#7 {main}
  thrown en /var/www/html/Must-Have/wp-content/themes/Must-Have/header.php en la línea 67

2021-02-25T18:37:43+00:00 CRITICAL Uncaught Error: Call to undefined function is_mobile() in /var/www/html/Must-Have/wp-content/themes/Must-Have/header.php:67
Stack trace:
#0 /var/www/html/Must-Have/wp-includes/template.php(730): require_once()
#1 /var/www/html/Must-Have/wp-includes/template.php(676): load_template()
#2 /var/www/html/Must-Have/wp-includes/general-template.php(48): locate_template()
#3 /var/www/html/Must-Have/wp-content/themes/Must-Have/home.php(1): get_header()
#4 /var/www/html/Must-Have/wp-includes/template-loader.php(106): include('/var/www/html/M...')
#5 /var/www/html/Must-Have/wp-blog-header.php(19): require_once('/var/www/html/M...')
#6 /var/www/html/Must-Have/index.php(17): require('/var/www/html/M...')
#7 {main}
  thrown en /var/www/html/Must-Have/wp-content/themes/Must-Have/header.php en la línea 67

2021-02-25T18:38:16+00:00 CRITICAL Uncaught Error: Call to undefined function is_mobile() in /var/www/html/Must-Have/wp-content/themes/Must-Have/header.php:67
Stack trace:
#0 /var/www/html/Must-Have/wp-includes/template.php(730): require_once()
#1 /var/www/html/Must-Have/wp-includes/template.php(676): load_template()
#2 /var/www/html/Must-Have/wp-includes/general-template.php(48): locate_template()
#3 /var/www/html/Must-Have/wp-content/themes/Must-Have/home.php(1): get_header()
#4 /var/www/html/Must-Have/wp-includes/template-loader.php(106): include('/var/www/html/M...')
#5 /var/www/html/Must-Have/wp-blog-header.php(19): require_once('/var/www/html/M...')
#6 /var/www/html/Must-Have/index.php(17): require('/var/www/html/M...')
#7 {main}
  thrown en /var/www/html/Must-Have/wp-content/themes/Must-Have/header.php en la línea 67

2021-02-25T18:38:17+00:00 CRITICAL Uncaught Error: Call to undefined function is_mobile() in /var/www/html/Must-Have/wp-content/themes/Must-Have/header.php:67
Stack trace:
#0 /var/www/html/Must-Have/wp-includes/template.php(730): require_once()
#1 /var/www/html/Must-Have/wp-includes/template.php(676): load_template()
#2 /var/www/html/Must-Have/wp-includes/general-template.php(48): locate_template()
#3 /var/www/html/Must-Have/wp-content/themes/Must-Have/404.php(1): get_header()
#4 /var/www/html/Must-Have/wp-includes/template-loader.php(106): include('/var/www/html/M...')
#5 /var/www/html/Must-Have/wp-blog-header.php(19): require_once('/var/www/html/M...')
#6 /var/www/html/Must-Have/index.php(17): require('/var/www/html/M...')
#7 {main}
  thrown en /var/www/html/Must-Have/wp-content/themes/Must-Have/header.php en la línea 67

2021-02-25T18:38:20+00:00 CRITICAL Uncaught Error: Call to undefined function is_mobile() in /var/www/html/Must-Have/wp-content/themes/Must-Have/header.php:67
Stack trace:
#0 /var/www/html/Must-Have/wp-includes/template.php(730): require_once()
#1 /var/www/html/Must-Have/wp-includes/template.php(676): load_template()
#2 /var/www/html/Must-Have/wp-includes/general-template.php(48): locate_template()
#3 /var/www/html/Must-Have/wp-content/themes/Must-Have/404.php(1): get_header()
#4 /var/www/html/Must-Have/wp-includes/template-loader.php(106): include('/var/www/html/M...')
#5 /var/www/html/Must-Have/wp-blog-header.php(19): require_once('/var/www/html/M...')
#6 /var/www/html/Must-Have/index.php(17): require('/var/www/html/M...')
#7 {main}
  thrown en /var/www/html/Must-Have/wp-content/themes/Must-Have/header.php en la línea 67

2021-02-25T18:38:30+00:00 CRITICAL Uncaught Error: Call to undefined function is_movile() in /var/www/html/Must-Have/wp-content/themes/Must-Have/header.php:67
Stack trace:
#0 /var/www/html/Must-Have/wp-includes/template.php(730): require_once()
#1 /var/www/html/Must-Have/wp-includes/template.php(676): load_template()
#2 /var/www/html/Must-Have/wp-includes/general-template.php(48): locate_template()
#3 /var/www/html/Must-Have/wp-content/themes/Must-Have/home.php(1): get_header()
#4 /var/www/html/Must-Have/wp-includes/template-loader.php(106): include('/var/www/html/M...')
#5 /var/www/html/Must-Have/wp-blog-header.php(19): require_once('/var/www/html/M...')
#6 /var/www/html/Must-Have/index.php(17): require('/var/www/html/M...')
#7 {main}
  thrown en /var/www/html/Must-Have/wp-content/themes/Must-Have/header.php en la línea 67

2021-02-25T18:38:31+00:00 CRITICAL Uncaught Error: Call to undefined function is_movile() in /var/www/html/Must-Have/wp-content/themes/Must-Have/header.php:67
Stack trace:
#0 /var/www/html/Must-Have/wp-includes/template.php(730): require_once()
#1 /var/www/html/Must-Have/wp-includes/template.php(676): load_template()
#2 /var/www/html/Must-Have/wp-includes/general-template.php(48): locate_template()
#3 /var/www/html/Must-Have/wp-content/themes/Must-Have/404.php(1): get_header()
#4 /var/www/html/Must-Have/wp-includes/template-loader.php(106): include('/var/www/html/M...')
#5 /var/www/html/Must-Have/wp-blog-header.php(19): require_once('/var/www/html/M...')
#6 /var/www/html/Must-Have/index.php(17): require('/var/www/html/M...')
#7 {main}
  thrown en /var/www/html/Must-Have/wp-content/themes/Must-Have/header.php en la línea 67

2021-02-25T18:38:34+00:00 CRITICAL Uncaught Error: Call to undefined function is_movile() in /var/www/html/Must-Have/wp-content/themes/Must-Have/header.php:67
Stack trace:
#0 /var/www/html/Must-Have/wp-includes/template.php(730): require_once()
#1 /var/www/html/Must-Have/wp-includes/template.php(676): load_template()
#2 /var/www/html/Must-Have/wp-includes/general-template.php(48): locate_template()
#3 /var/www/html/Must-Have/wp-content/themes/Must-Have/404.php(1): get_header()
#4 /var/www/html/Must-Have/wp-includes/template-loader.php(106): include('/var/www/html/M...')
#5 /var/www/html/Must-Have/wp-blog-header.php(19): require_once('/var/www/html/M...')
#6 /var/www/html/Must-Have/index.php(17): require('/var/www/html/M...')
#7 {main}
  thrown en /var/www/html/Must-Have/wp-content/themes/Must-Have/header.php en la línea 67

2021-02-25T18:41:51+00:00 CRITICAL Uncaught Error: Class 'Mobile_Detect' not found in /var/www/html/Must-Have/wp-content/themes/Must-Have/header.php:67
Stack trace:
#0 /var/www/html/Must-Have/wp-includes/template.php(730): require_once()
#1 /var/www/html/Must-Have/wp-includes/template.php(676): load_template()
#2 /var/www/html/Must-Have/wp-includes/general-template.php(48): locate_template()
#3 /var/www/html/Must-Have/wp-content/themes/Must-Have/home.php(1): get_header()
#4 /var/www/html/Must-Have/wp-includes/template-loader.php(106): include('/var/www/html/M...')
#5 /var/www/html/Must-Have/wp-blog-header.php(19): require_once('/var/www/html/M...')
#6 /var/www/html/Must-Have/index.php(17): require('/var/www/html/M...')
#7 {main}
  thrown en /var/www/html/Must-Have/wp-content/themes/Must-Have/header.php en la línea 67

2021-02-25T18:41:53+00:00 CRITICAL Uncaught Error: Class 'Mobile_Detect' not found in /var/www/html/Must-Have/wp-content/themes/Must-Have/header.php:67
Stack trace:
#0 /var/www/html/Must-Have/wp-includes/template.php(730): require_once()
#1 /var/www/html/Must-Have/wp-includes/template.php(676): load_template()
#2 /var/www/html/Must-Have/wp-includes/general-template.php(48): locate_template()
#3 /var/www/html/Must-Have/wp-content/themes/Must-Have/404.php(1): get_header()
#4 /var/www/html/Must-Have/wp-includes/template-loader.php(106): include('/var/www/html/M...')
#5 /var/www/html/Must-Have/wp-blog-header.php(19): require_once('/var/www/html/M...')
#6 /var/www/html/Must-Have/index.php(17): require('/var/www/html/M...')
#7 {main}
  thrown en /var/www/html/Must-Have/wp-content/themes/Must-Have/header.php en la línea 67

2021-02-25T18:41:56+00:00 CRITICAL Uncaught Error: Class 'Mobile_Detect' not found in /var/www/html/Must-Have/wp-content/themes/Must-Have/header.php:67
Stack trace:
#0 /var/www/html/Must-Have/wp-includes/template.php(730): require_once()
#1 /var/www/html/Must-Have/wp-includes/template.php(676): load_template()
#2 /var/www/html/Must-Have/wp-includes/general-template.php(48): locate_template()
#3 /var/www/html/Must-Have/wp-content/themes/Must-Have/404.php(1): get_header()
#4 /var/www/html/Must-Have/wp-includes/template-loader.php(106): include('/var/www/html/M...')
#5 /var/www/html/Must-Have/wp-blog-header.php(19): require_once('/var/www/html/M...')
#6 /var/www/html/Must-Have/index.php(17): require('/var/www/html/M...')
#7 {main}
  thrown en /var/www/html/Must-Have/wp-content/themes/Must-Have/header.php en la línea 67

2021-02-25T18:41:58+00:00 CRITICAL Uncaught Error: Class 'Mobile_Detect' not found in /var/www/html/Must-Have/wp-content/themes/Must-Have/header.php:67
Stack trace:
#0 /var/www/html/Must-Have/wp-includes/template.php(730): require_once()
#1 /var/www/html/Must-Have/wp-includes/template.php(676): load_template()
#2 /var/www/html/Must-Have/wp-includes/general-template.php(48): locate_template()
#3 /var/www/html/Must-Have/wp-content/themes/Must-Have/home.php(1): get_header()
#4 /var/www/html/Must-Have/wp-includes/template-loader.php(106): include('/var/www/html/M...')
#5 /var/www/html/Must-Have/wp-blog-header.php(19): require_once('/var/www/html/M...')
#6 /var/www/html/Must-Have/index.php(17): require('/var/www/html/M...')
#7 {main}
  thrown en /var/www/html/Must-Have/wp-content/themes/Must-Have/header.php en la línea 67

2021-02-25T18:42:00+00:00 CRITICAL Uncaught Error: Class 'Mobile_Detect' not found in /var/www/html/Must-Have/wp-content/themes/Must-Have/header.php:67
Stack trace:
#0 /var/www/html/Must-Have/wp-includes/template.php(730): require_once()
#1 /var/www/html/Must-Have/wp-includes/template.php(676): load_template()
#2 /var/www/html/Must-Have/wp-includes/general-template.php(48): locate_template()
#3 /var/www/html/Must-Have/wp-content/themes/Must-Have/404.php(1): get_header()
#4 /var/www/html/Must-Have/wp-includes/template-loader.php(106): include('/var/www/html/M...')
#5 /var/www/html/Must-Have/wp-blog-header.php(19): require_once('/var/www/html/M...')
#6 /var/www/html/Must-Have/index.php(17): require('/var/www/html/M...')
#7 {main}
  thrown en /var/www/html/Must-Have/wp-content/themes/Must-Have/header.php en la línea 67

2021-02-25T18:42:02+00:00 CRITICAL Uncaught Error: Class 'Mobile_Detect' not found in /var/www/html/Must-Have/wp-content/themes/Must-Have/header.php:67
Stack trace:
#0 /var/www/html/Must-Have/wp-includes/template.php(730): require_once()
#1 /var/www/html/Must-Have/wp-includes/template.php(676): load_template()
#2 /var/www/html/Must-Have/wp-includes/general-template.php(48): locate_template()
#3 /var/www/html/Must-Have/wp-content/themes/Must-Have/404.php(1): get_header()
#4 /var/www/html/Must-Have/wp-includes/template-loader.php(106): include('/var/www/html/M...')
#5 /var/www/html/Must-Have/wp-blog-header.php(19): require_once('/var/www/html/M...')
#6 /var/www/html/Must-Have/index.php(17): require('/var/www/html/M...')
#7 {main}
  thrown en /var/www/html/Must-Have/wp-content/themes/Must-Have/header.php en la línea 67

2021-02-25T18:43:04+00:00 CRITICAL Uncaught Error: Call to undefined function wp_is_movile() in /var/www/html/Must-Have/wp-content/themes/Must-Have/header.php:69
Stack trace:
#0 /var/www/html/Must-Have/wp-includes/template.php(730): require_once()
#1 /var/www/html/Must-Have/wp-includes/template.php(676): load_template()
#2 /var/www/html/Must-Have/wp-includes/general-template.php(48): locate_template()
#3 /var/www/html/Must-Have/wp-content/themes/Must-Have/home.php(1): get_header()
#4 /var/www/html/Must-Have/wp-includes/template-loader.php(106): include('/var/www/html/M...')
#5 /var/www/html/Must-Have/wp-blog-header.php(19): require_once('/var/www/html/M...')
#6 /var/www/html/Must-Have/index.php(17): require('/var/www/html/M...')
#7 {main}
  thrown en /var/www/html/Must-Have/wp-content/themes/Must-Have/header.php en la línea 69

2021-02-25T18:43:05+00:00 CRITICAL Uncaught Error: Call to undefined function wp_is_movile() in /var/www/html/Must-Have/wp-content/themes/Must-Have/header.php:69
Stack trace:
#0 /var/www/html/Must-Have/wp-includes/template.php(730): require_once()
#1 /var/www/html/Must-Have/wp-includes/template.php(676): load_template()
#2 /var/www/html/Must-Have/wp-includes/general-template.php(48): locate_template()
#3 /var/www/html/Must-Have/wp-content/themes/Must-Have/404.php(1): get_header()
#4 /var/www/html/Must-Have/wp-includes/template-loader.php(106): include('/var/www/html/M...')
#5 /var/www/html/Must-Have/wp-blog-header.php(19): require_once('/var/www/html/M...')
#6 /var/www/html/Must-Have/index.php(17): require('/var/www/html/M...')
#7 {main}
  thrown en /var/www/html/Must-Have/wp-content/themes/Must-Have/header.php en la línea 69

2021-02-25T18:43:05+00:00 CRITICAL Uncaught Error: Call to undefined function wp_is_movile() in /var/www/html/Must-Have/wp-content/themes/Must-Have/header.php:69
Stack trace:
#0 /var/www/html/Must-Have/wp-includes/template.php(730): require_once()
#1 /var/www/html/Must-Have/wp-includes/template.php(676): load_template()
#2 /var/www/html/Must-Have/wp-includes/general-template.php(48): locate_template()
#3 /var/www/html/Must-Have/wp-content/themes/Must-Have/404.php(1): get_header()
#4 /var/www/html/Must-Have/wp-includes/template-loader.php(106): include('/var/www/html/M...')
#5 /var/www/html/Must-Have/wp-blog-header.php(19): require_once('/var/www/html/M...')
#6 /var/www/html/Must-Have/index.php(17): require('/var/www/html/M...')
#7 {main}
  thrown en /var/www/html/Must-Have/wp-content/themes/Must-Have/header.php en la línea 69

2021-02-25T18:44:11+00:00 CRITICAL Cannot redeclare wp_is_mobile() (previously declared in /var/www/html/Must-Have/wp-includes/vars.php:147) en /var/www/html/Must-Have/wp-content/themes/Must-Have/header.php en la línea 68

2021-02-25T18:44:50+00:00 CRITICAL Cannot redeclare wp_is_mobile() (previously declared in /var/www/html/Must-Have/wp-includes/vars.php:147) en /var/www/html/Must-Have/wp-content/themes/Must-Have/header.php en la línea 68

2021-02-25T18:45:00+00:00 CRITICAL Cannot redeclare wp_is_mobile() (previously declared in /var/www/html/Must-Have/wp-includes/vars.php:147) en /var/www/html/Must-Have/wp-content/themes/Must-Have/header.php en la línea 68

2021-02-25T19:17:08+00:00 CRITICAL syntax error, unexpected '{', expecting ']' en /var/www/html/Must-Have/wp-content/themes/Must-Have/woocommerce/archive-product.php en la línea 75

